#
# There is insufficient memory for the Java Runtime Environment to continue.
# Native memory allocation (malloc) failed to allocate 633339904 bytes for committing reserved memory.
# Possible reasons:
#   The system is out of physical RAM or swap space
#   In 32 bit mode, the process size limit was hit
# Possible solutions:
#   Reduce memory load on the system
#   Increase physical memory or swap space
#   Check if swap backing store is full
#   Use 64 bit Java on a 64 bit OS
#   Decrease Java heap size (-Xmx/-Xms)
#   Decrease number of Java threads
#   Decrease Java thread stack sizes (-Xss)
#   Set larger code cache with -XX:ReservedCodeCacheSize=
# This output file may be truncated or incomplete.
#
#  Out of Memory Error (os_linux.cpp:2745), pid=38918, tid=140177275197184
#
# JRE version: Java(TM) SE Runtime Environment (7.0_67-b01) (build 1.7.0_67-b01)
# Java VM: Java HotSpot(TM) 64-Bit Server VM (24.65-b04 mixed mode linux-amd64 compressed oops)
# Failed to write core dump. Core dumps have been disabled. To enable core dumping, try "ulimit -c unlimited" before starting Java again
#

---------------  T H R E A D  ---------------

Current thread (0x00007f7d98072000):  VMThread [stack: 0x00007f7d90a19000,0x00007f7d90b1a000] [id=38928]

Stack: [0x00007f7d90a19000,0x00007f7d90b1a000],  sp=0x00007f7d90b18040,  free space=1020k
Native frames: (J=compiled Java code, j=interpreted, Vv=VM code, C=native code)
V  [libjvm.so+0x99eb8a]  VMError::report_and_die()+0x2ea
V  [libjvm.so+0x49721b]  report_vm_out_of_memory(char const*, int, unsigned long, char const*)+0x9b
V  [libjvm.so+0x81d9ae]  os::Linux::commit_memory_impl(char*, unsigned long, bool)+0xfe
V  [libjvm.so+0x81def9]  os::pd_commit_memory(char*, unsigned long, unsigned long, bool)+0x29
V  [libjvm.so+0x817caa]  os::commit_memory(char*, unsigned long, unsigned long, bool)+0x2a
V  [libjvm.so+0x88a7a3]  PSVirtualSpace::expand_by(unsigned long)+0x53
V  [libjvm.so+0x88bb78]  PSYoungGen::resize_generation(unsigned long, unsigned long)+0xf8
V  [libjvm.so+0x88ace2]  PSYoungGen::resize(unsigned long, unsigned long)+0x22
V  [libjvm.so+0x888133]  PSScavenge::invoke_no_policy()+0xfb3
V  [libjvm.so+0x8888e1]  PSScavenge::invoke()+0x41
V  [libjvm.so+0x83f510]  ParallelScavengeHeap::failed_mem_allocate(unsigned long)+0x70
V  [libjvm.so+0x9a0417]  VM_ParallelGCFailedAllocation::doit()+0x97
V  [libjvm.so+0x9a78b5]  VM_Operation::evaluate()+0x55
V  [libjvm.so+0x9a5c7a]  VMThread::evaluate_operation(VM_Operation*)+0xba
V  [libjvm.so+0x9a5ffe]  VMThread::loop()+0x1ce
V  [libjvm.so+0x9a6470]  VMThread::run()+0x70
V  [libjvm.so+0x81f988]  java_start(Thread*)+0x108

VM_Operation (0x00007f7d8b57e2a0): ParallelGCFailedAllocation, mode: safepoint, requested by thread 0x00007f7d1c002000


---------------  P R O C E S S  ---------------

Java Threads: ( => current thread )
  0x00007f7cf4001000 JavaThread "DubboClientHandler-192.168.1.153:20881-thread-1" daemon [_thread_blocked, id=38969, stack(0x00007f7d898db000,0x00007f7d899dc000)]
  0x00007f7d208a7000 JavaThread "dubbo-remoting-client-heartbeat-thread-2" daemon [_thread_blocked, id=38966, stack(0x00007f7d899dc000,0x00007f7d89add000)]
  0x00007f7d00001000 JavaThread "DubboClientHandler-192.168.1.153:20882-thread-1" daemon [_thread_blocked, id=38965, stack(0x00007f7d89add000,0x00007f7d89bde000)]
  0x00007f7d208ad000 JavaThread "DubboClientReconnectTimer-thread-2" daemon [_thread_blocked, id=38964, stack(0x00007f7d89bde000,0x00007f7d89cdf000)]
  0x00007f7d20892000 JavaThread "dubbo-remoting-client-heartbeat-thread-1" daemon [_thread_blocked, id=38963, stack(0x00007f7d89cdf000,0x00007f7d89de0000)]
  0x00007f7cfc001000 JavaThread "DubboClientHandler-192.168.1.153:20880-thread-1" daemon [_thread_blocked, id=38962, stack(0x00007f7d89de0000,0x00007f7d89ee1000)]
  0x00007f7ce0001000 JavaThread "Hashed wheel timer #1" [_thread_blocked, id=38961, stack(0x00007f7d89ee1000,0x00007f7d89fe2000)]
  0x00007f7d2087d800 JavaThread "DubboClientReconnectTimer-thread-1" daemon [_thread_blocked, id=38959, stack(0x00007f7d89fe2000,0x00007f7d8a0e3000)]
  0x00007f7d20861000 JavaThread "New I/O boss #10" daemon [_thread_in_native, id=38958, stack(0x00007f7d8a0e3000,0x00007f7d8a1e4000)]
  0x00007f7d2084e000 JavaThread "New I/O worker #9" daemon [_thread_in_native, id=38957, stack(0x00007f7d8a1e4000,0x00007f7d8a2e5000)]
  0x00007f7d2082f000 JavaThread "New I/O worker #8" daemon [_thread_in_native, id=38956, stack(0x00007f7d8a2e5000,0x00007f7d8a3e6000)]
  0x00007f7d20810000 JavaThread "New I/O worker #7" daemon [_thread_in_native, id=38955, stack(0x00007f7d8a3e6000,0x00007f7d8a4e7000)]
  0x00007f7d207f0800 JavaThread "New I/O worker #6" daemon [_thread_in_native, id=38954, stack(0x00007f7d8a4e7000,0x00007f7d8a5e8000)]
  0x00007f7d207d1800 JavaThread "New I/O worker #5" daemon [_thread_in_native, id=38953, stack(0x00007f7d8a5e8000,0x00007f7d8a6e9000)]
  0x00007f7d207b2800 JavaThread "New I/O worker #4" daemon [_thread_in_native, id=38952, stack(0x00007f7d8a6e9000,0x00007f7d8a7ea000)]
  0x00007f7d20743000 JavaThread "New I/O worker #3" daemon [_thread_in_native, id=38951, stack(0x00007f7d8a7ea000,0x00007f7d8a8eb000)]
  0x00007f7d20749800 JavaThread "New I/O worker #2" daemon [_thread_in_native, id=38950, stack(0x00007f7d8a8eb000,0x00007f7d8a9ec000)]
  0x00007f7d20747800 JavaThread "New I/O worker #1" daemon [_thread_blocked, id=38949, stack(0x00007f7d8a9ec000,0x00007f7d8aaed000)]
  0x00007f7d20724000 JavaThread "DubboSaveRegistryCache-thread-1" daemon [_thread_blocked, id=38948, stack(0x00007f7d8aaed000,0x00007f7d8abee000)]
  0x00007f7d2071f000 JavaThread "CuratorFramework-0" daemon [_thread_blocked, id=38947, stack(0x00007f7d8abee000,0x00007f7d8acef000)]
  0x00007f7d206e7800 JavaThread "localhost-startStop-1-EventThread" daemon [_thread_blocked, id=38946, stack(0x00007f7d8acef000,0x00007f7d8adf0000)]
  0x00007f7d206e6800 JavaThread "localhost-startStop-1-SendThread(192.168.1.153:2181)" daemon [_thread_in_native, id=38945, stack(0x00007f7d8adf0000,0x00007f7d8aef1000)]
  0x00007f7d206dc800 JavaThread "ConnectionStateManager-0" daemon [_thread_blocked, id=38944, stack(0x00007f7d8aef1000,0x00007f7d8aff2000)]
  0x00007f7d20675800 JavaThread "DubboRegistryFailedRetryTimer-thread-1" daemon [_thread_blocked, id=38942, stack(0x00007f7d8aff2000,0x00007f7d8b0f3000)]
  0x00007f7d1c002000 JavaThread "localhost-startStop-1" daemon [_thread_blocked, id=38939, stack(0x00007f7d8b481000,0x00007f7d8b582000)]
  0x00007f7d985bf800 JavaThread "Catalina-startStop-1" daemon [_thread_blocked, id=38938, stack(0x00007f7d8b582000,0x00007f7d8b683000)]
  0x00007f7d98522000 JavaThread "GC Daemon" daemon [_thread_blocked, id=38936, stack(0x00007f7d8bae0000,0x00007f7d8bbe1000)]
  0x00007f7d9809f000 JavaThread "Service Thread" daemon [_thread_blocked, id=38934, stack(0x00007f7d90413000,0x00007f7d90514000)]
  0x00007f7d9809c800 JavaThread "C2 CompilerThread1" daemon [_thread_blocked, id=38933, stack(0x00007f7d90514000,0x00007f7d90615000)]
  0x00007f7d98099800 JavaThread "C2 CompilerThread0" daemon [_thread_blocked, id=38932, stack(0x00007f7d90615000,0x00007f7d90716000)]
  0x00007f7d98098000 JavaThread "Signal Dispatcher" daemon [_thread_blocked, id=38931, stack(0x00007f7d90716000,0x00007f7d90817000)]
  0x00007f7d98078800 JavaThread "Finalizer" daemon [_thread_blocked, id=38930, stack(0x00007f7d90817000,0x00007f7d90918000)]
  0x00007f7d98076800 JavaThread "Reference Handler" daemon [_thread_blocked, id=38929, stack(0x00007f7d90918000,0x00007f7d90a19000)]
  0x00007f7d98009000 JavaThread "main" [_thread_blocked, id=38919, stack(0x00007f7d9f3a4000,0x00007f7d9f4a5000)]

Other Threads:
=>0x00007f7d98072000 VMThread [stack: 0x00007f7d90a19000,0x00007f7d90b1a000] [id=38928]
  0x00007f7d980b2000 WatcherThread [stack: 0x00007f7d90312000,0x00007f7d90413000] [id=38935]

VM state:at safepoint (normal execution)

VM Mutex/Monitor currently owned by a thread:  ([mutex/lock_event])
[0x00007f7d980066c0] Threads_lock - owner thread: 0x00007f7d98072000
[0x00007f7d98006bc0] Heap_lock - owner thread: 0x00007f7d1c002000

Heap
 PSYoungGen      total 528896K, used 20982K [0x000000075af00000, 0x000000077c800000, 0x0000000800000000)
  eden space 507904K, 0% used [0x000000075af00000,0x000000075af00000,0x0000000779f00000)
  from space 20992K, 99% used [0x0000000779f00000,0x000000077b37da18,0x000000077b380000)
  to   space 20992K, 0% used [0x000000077b380000,0x000000077b380000,0x000000077c800000)
 ParOldGen       total 337920K, used 113049K [0x0000000610e00000, 0x0000000625800000, 0x000000075af00000)
  object space 337920K, 33% used [0x0000000610e00000,0x0000000617c664d0,0x0000000625800000)
 PSPermGen       total 34304K, used 34130K [0x000000060bc00000, 0x000000060dd80000, 0x0000000610e00000)
  object space 34304K, 99% used [0x000000060bc00000,0x000000060dd548a0,0x000000060dd80000)

Card table byte_map: [0x00007f7d9405d000,0x00007f7d95000000] byte_map_base: 0x00007f7d90fff000

Polling page: 0x00007f7d9f4bd000

Code Cache  [0x00007f7d95000000, 0x00007f7d952e0000, 0x00007f7d98000000)
 total_blobs=1252 nmethods=861 adapters=342 free_code_cache=46297Kb largest_free_block=47355840

Compilation events (10 events):
Event: 5.848 Thread 0x00007f7d9809c800 nmethod 917 0x00007f7d952bd010 code [0x00007f7d952bd140, 0x00007f7d952bd1d8]
Event: 5.855 Thread 0x00007f7d9809c800  918             sun.nio.cs.CharsetMapping::readCharArray (112 bytes)
Event: 5.861 Thread 0x00007f7d9809c800 nmethod 918 0x00007f7d952c7a90 code [0x00007f7d952c7be0, 0x00007f7d952c8118]
Event: 5.866 Thread 0x00007f7d9809c800  919             java.util.TreeMap::put (247 bytes)
Event: 5.870 Thread 0x00007f7d98099800 nmethod 916 0x00007f7d952d2a50 code [0x00007f7d952d2c40, 0x00007f7d952d3e10]
Event: 5.876 Thread 0x00007f7d98099800  922             java.util.TreeMap::setColor (10 bytes)
Event: 5.876 Thread 0x00007f7d98099800 nmethod 922 0x00007f7d952bf1d0 code [0x00007f7d952bf300, 0x00007f7d952bf358]
Event: 5.883 Thread 0x00007f7d9809c800 nmethod 919 0x00007f7d952d4890 code [0x00007f7d952d4ac0, 0x00007f7d952d5ab0]
Event: 5.896 Thread 0x00007f7d98099800  923             java.util.TreeMap::successor (66 bytes)
Event: 5.898 Thread 0x00007f7d98099800 nmethod 923 0x00007f7d952ba250 code [0x00007f7d952ba3a0, 0x00007f7d952ba478]

GC Heap History (9 events):
Event: 1.207 GC heap before
{Heap before GC invocations=1 (full 0):
 PSYoungGen      total 147968K, used 126976K [0x000000075af00000, 0x0000000765400000, 0x0000000800000000)
  eden space 126976K, 100% used [0x000000075af00000,0x0000000762b00000,0x0000000762b00000)
  from space 20992K, 0% used [0x0000000763f80000,0x0000000763f80000,0x0000000765400000)
  to   space 20992K, 0% used [0x0000000762b00000,0x0000000762b00000,0x0000000763f80000)
 ParOldGen       total 337920K, used 0K [0x0000000610e00000, 0x0000000625800000, 0x000000075af00000)
  object space 337920K, 0% used [0x0000000610e00000,0x0000000610e00000,0x0000000625800000)
 PSPermGen       total 21504K, used 13166K [0x000000060bc00000, 0x000000060d100000, 0x0000000610e00000)
  object space 21504K, 61% used [0x000000060bc00000,0x000000060c8dbb78,0x000000060d100000)
Event: 1.223 GC heap after
Heap after GC invocations=1 (full 0):
 PSYoungGen      total 147968K, used 20577K [0x000000075af00000, 0x000000076d000000, 0x0000000800000000)
  eden space 126976K, 0% used [0x000000075af00000,0x000000075af00000,0x0000000762b00000)
  from space 20992K, 98% used [0x0000000762b00000,0x0000000763f184f8,0x0000000763f80000)
  to   space 20992K, 0% used [0x000000076bb80000,0x000000076bb80000,0x000000076d000000)
 ParOldGen       total 337920K, used 72K [0x0000000610e00000, 0x0000000625800000, 0x000000075af00000)
  object space 337920K, 0% used [0x0000000610e00000,0x0000000610e12010,0x0000000625800000)
 PSPermGen       total 21504K, used 13166K [0x000000060bc00000, 0x000000060d100000, 0x0000000610e00000)
  object space 21504K, 61% used [0x000000060bc00000,0x000000060c8dbb78,0x000000060d100000)
}
Event: 1.565 GC heap before
{Heap before GC invocations=2 (full 0):
 PSYoungGen      total 147968K, used 147553K [0x000000075af00000, 0x000000076d000000, 0x0000000800000000)
  eden space 126976K, 100% used [0x000000075af00000,0x0000000762b00000,0x0000000762b00000)
  from space 20992K, 98% used [0x0000000762b00000,0x0000000763f184f8,0x0000000763f80000)
  to   space 20992K, 0% used [0x000000076bb80000,0x000000076bb80000,0x000000076d000000)
 ParOldGen       total 337920K, used 72K [0x0000000610e00000, 0x0000000625800000, 0x000000075af00000)
  object space 337920K, 0% used [0x0000000610e00000,0x0000000610e12010,0x0000000625800000)
 PSPermGen       total 21504K, used 13429K [0x000000060bc00000, 0x000000060d100000, 0x0000000610e00000)
  object space 21504K, 62% used [0x000000060bc00000,0x000000060c91d408,0x000000060d100000)
Event: 1.582 GC heap after
Heap after GC invocations=2 (full 0):
 PSYoungGen      total 274944K, used 20991K [0x000000075af00000, 0x000000076d000000, 0x0000000800000000)
  eden space 253952K, 0% used [0x000000075af00000,0x000000075af00000,0x000000076a700000)
  from space 20992K, 99% used [0x000000076bb80000,0x000000076cfffcb8,0x000000076d000000)
  to   space 20992K, 0% used [0x000000076a700000,0x000000076a700000,0x000000076bb80000)
 ParOldGen       total 337920K, used 4907K [0x0000000610e00000, 0x0000000625800000, 0x000000075af00000)
  object space 337920K, 1% used [0x0000000610e00000,0x00000006112cad70,0x0000000625800000)
 PSPermGen       total 21504K, used 13429K [0x000000060bc00000, 0x000000060d100000, 0x0000000610e00000)
  object space 21504K, 62% used [0x000000060bc00000,0x000000060c91d408,0x000000060d100000)
}
Event: 2.123 GC heap before
{Heap before GC invocations=3 (full 0):
 PSYoungGen      total 274944K, used 274943K [0x000000075af00000, 0x000000076d000000, 0x0000000800000000)
  eden space 253952K, 100% used [0x000000075af00000,0x000000076a700000,0x000000076a700000)
  from space 20992K, 99% used [0x000000076bb80000,0x000000076cfffcb8,0x000000076d000000)
  to   space 20992K, 0% used [0x000000076a700000,0x000000076a700000,0x000000076bb80000)
 ParOldGen       total 337920K, used 4907K [0x0000000610e00000, 0x0000000625800000, 0x000000075af00000)
  object space 337920K, 1% used [0x0000000610e00000,0x00000006112cad70,0x0000000625800000)
 PSPermGen       total 21504K, used 13442K [0x000000060bc00000, 0x000000060d100000, 0x0000000610e00000)
  object space 21504K, 62% used [0x000000060bc00000,0x000000060c920be0,0x000000060d100000)
Event: 2.154 GC heap after
Heap after GC invocations=3 (full 0):
 PSYoungGen      total 274944K, used 20980K [0x000000075af00000, 0x000000077c800000, 0x0000000800000000)
  eden space 253952K, 0% used [0x000000075af00000,0x000000075af00000,0x000000076a700000)
  from space 20992K, 99% used [0x000000076a700000,0x000000076bb7d0d8,0x000000076bb80000)
  to   space 20992K, 0% used [0x000000077b380000,0x000000077b380000,0x000000077c800000)
 ParOldGen       total 337920K, used 40922K [0x0000000610e00000, 0x0000000625800000, 0x000000075af00000)
  object space 337920K, 12% used [0x0000000610e00000,0x00000006135f6898,0x0000000625800000)
 PSPermGen       total 21504K, used 13442K [0x000000060bc00000, 0x000000060d100000, 0x0000000610e00000)
  object space 21504K, 62% used [0x000000060bc00000,0x000000060c920be0,0x000000060d100000)
}
Event: 2.730 GC heap before
{Heap before GC invocations=4 (full 0):
 PSYoungGen      total 274944K, used 274932K [0x000000075af00000, 0x000000077c800000, 0x0000000800000000)
  eden space 253952K, 100% used [0x000000075af00000,0x000000076a700000,0x000000076a700000)
  from space 20992K, 99% used [0x000000076a700000,0x000000076bb7d0d8,0x000000076bb80000)
  to   space 20992K, 0% used [0x000000077b380000,0x000000077b380000,0x000000077c800000)
 ParOldGen       total 337920K, used 40922K [0x0000000610e00000, 0x0000000625800000, 0x000000075af00000)
  object space 337920K, 12% used [0x0000000610e00000,0x00000006135f6898,0x0000000625800000)
 PSPermGen       total 21504K, used 13480K [0x000000060bc00000, 0x000000060d100000, 0x0000000610e00000)
  object space 21504K, 62% used [0x000000060bc00000,0x000000060c92a3a0,0x000000060d100000)
Event: 2.777 GC heap after
Heap after GC invocations=4 (full 0):
 PSYoungGen      total 528896K, used 20973K [0x000000075af00000, 0x000000077c800000, 0x0000000800000000)
  eden space 507904K, 0% used [0x000000075af00000,0x000000075af00000,0x0000000779f00000)
  from space 20992K, 99% used [0x000000077b380000,0x000000077c7fb5d0,0x000000077c800000)
  to   space 20992K, 0% used [0x0000000779f00000,0x0000000779f00000,0x000000077b380000)
 ParOldGen       total 337920K, used 83981K [0x0000000610e00000, 0x0000000625800000, 0x000000075af00000)
  object space 337920K, 24% used [0x0000000610e00000,0x0000000616003620,0x0000000625800000)
 PSPermGen       total 21504K, used 13480K [0x000000060bc00000, 0x000000060d100000, 0x0000000610e00000)
  object space 21504K, 62% used [0x000000060bc00000,0x000000060c92a3a0,0x000000060d100000)
}
Event: 5.899 GC heap before
{Heap before GC invocations=5 (full 0):
 PSYoungGen      total 528896K, used 528877K [0x000000075af00000, 0x000000077c800000, 0x0000000800000000)
  eden space 507904K, 100% used [0x000000075af00000,0x0000000779f00000,0x0000000779f00000)
  from space 20992K, 99% used [0x000000077b380000,0x000000077c7fb5d0,0x000000077c800000)
  to   space 20992K, 0% used [0x0000000779f00000,0x0000000779f00000,0x000000077b380000)
 ParOldGen       total 337920K, used 83981K [0x0000000610e00000, 0x0000000625800000, 0x000000075af00000)
  object space 337920K, 24% used [0x0000000610e00000,0x0000000616003620,0x0000000625800000)
 PSPermGen       total 34304K, used 34130K [0x000000060bc00000, 0x000000060dd80000, 0x0000000610e00000)
  object space 34304K, 99% used [0x000000060bc00000,0x000000060dd548a0,0x000000060dd80000)

Deoptimization events (10 events):
Event: 5.602 Thread 0x00007f7d1c002000 Uncommon trap: reason=class_check action=maybe_recompile pc=0x00007f7d9508b118 method=java.lang.reflect.Method.equals(Ljava/lang/Object;)Z @ 5
Event: 5.602 Thread 0x00007f7d1c002000 Uncommon trap: reason=class_check action=maybe_recompile pc=0x00007f7d9508b118 method=java.lang.reflect.Method.equals(Ljava/lang/Object;)Z @ 5
Event: 5.602 Thread 0x00007f7d1c002000 Uncommon trap: reason=class_check action=maybe_recompile pc=0x00007f7d9508b118 method=java.lang.reflect.Method.equals(Ljava/lang/Object;)Z @ 5
Event: 5.626 Thread 0x00007f7d1c002000 Uncommon trap: reason=bimorphic action=maybe_recompile pc=0x00007f7d952230b4 method=sun.reflect.annotation.AnnotationParser.toArray(Ljava/util/Map;)[Ljava/lang/annotation/Annotation; @ 1
Event: 5.626 Thread 0x00007f7d1c002000 Uncommon trap: reason=bimorphic action=maybe_recompile pc=0x00007f7d952230b4 method=sun.reflect.annotation.AnnotationParser.toArray(Ljava/util/Map;)[Ljava/lang/annotation/Annotation; @ 1
Event: 5.626 Thread 0x00007f7d1c002000 Uncommon trap: reason=bimorphic action=maybe_recompile pc=0x00007f7d952230b4 method=sun.reflect.annotation.AnnotationParser.toArray(Ljava/util/Map;)[Ljava/lang/annotation/Annotation; @ 1
Event: 5.626 Thread 0x00007f7d1c002000 Uncommon trap: reason=bimorphic action=maybe_recompile pc=0x00007f7d952230b4 method=sun.reflect.annotation.AnnotationParser.toArray(Ljava/util/Map;)[Ljava/lang/annotation/Annotation; @ 1
Event: 5.766 Thread 0x00007f7d1c002000 Uncommon trap: reason=unreached action=reinterpret pc=0x00007f7d952b6954 method=java.util.TreeMap.put(Ljava/lang/Object;Ljava/lang/Object;)Ljava/lang/Object; @ 55
Event: 5.884 Thread 0x00007f7d1c002000 Uncommon trap: reason=unreached action=reinterpret pc=0x00007f7d951b8f40 method=java.lang.reflect.Method.equals(Ljava/lang/Object;)Z @ 92
Event: 5.897 Thread 0x00007f7d1c002000 Uncommon trap: reason=unreached action=reinterpret pc=0x00007f7d951e95b0 method=java.lang.Class.searchMethods([Ljava/lang/reflect/Method;Ljava/lang/String;[Ljava/lang/Class;)Ljava/lang/reflect/Method; @ 47

Internal exceptions (10 events):
Event: 5.898 Thread 0x00007f7d1c002000 Threw 0x0000000779ed8008 at /HUDSON/workspace/7u-2-build-linux-amd64/jdk7u67/1368/hotspot/src/share/vm/classfile/systemDictionary.cpp:185
Event: 5.898 Thread 0x00007f7d1c002000 Threw 0x0000000779ed8ea0 at /HUDSON/workspace/7u-2-build-linux-amd64/jdk7u67/1368/hotspot/src/share/vm/prims/jvm.cpp:1244
Event: 5.898 Thread 0x00007f7d1c002000 Threw 0x0000000779ee8b30 at /HUDSON/workspace/7u-2-build-linux-amd64/jdk7u67/1368/hotspot/src/share/vm/prims/jvm.cpp:1244
Event: 5.898 Thread 0x00007f7d1c002000 Threw 0x0000000779ee9710 at /HUDSON/workspace/7u-2-build-linux-amd64/jdk7u67/1368/hotspot/src/share/vm/prims/jvm.cpp:1244
Event: 5.898 Thread 0x00007f7d1c002000 Threw 0x0000000779eed2c0 at /HUDSON/workspace/7u-2-build-linux-amd64/jdk7u67/1368/hotspot/src/share/vm/prims/jvm.cpp:1244
Event: 5.898 Thread 0x00007f7d1c002000 Threw 0x0000000779eedff0 at /HUDSON/workspace/7u-2-build-linux-amd64/jdk7u67/1368/hotspot/src/share/vm/prims/jvm.cpp:1244
Event: 5.898 Thread 0x00007f7d1c002000 Threw 0x0000000779ef0218 at /HUDSON/workspace/7u-2-build-linux-amd64/jdk7u67/1368/hotspot/src/share/vm/prims/jvm.cpp:1244
Event: 5.898 Thread 0x00007f7d1c002000 Threw 0x0000000779ef0df8 at /HUDSON/workspace/7u-2-build-linux-amd64/jdk7u67/1368/hotspot/src/share/vm/prims/jvm.cpp:1244
Event: 5.898 Thread 0x00007f7d1c002000 Threw 0x0000000779ef49a8 at /HUDSON/workspace/7u-2-build-linux-amd64/jdk7u67/1368/hotspot/src/share/vm/prims/jvm.cpp:1244
Event: 5.898 Thread 0x00007f7d1c002000 Threw 0x0000000779ef4eb0 at /HUDSON/workspace/7u-2-build-linux-amd64/jdk7u67/1368/hotspot/src/share/vm/classfile/systemDictionary.cpp:185

Events (10 events):
Event: 5.898 loading class 0x00007f7d20a05f10 done
Event: 5.898 loading class 0x00007f7d20a05f10
Event: 5.898 loading class 0x00007f7d20a05f10 done
Event: 5.898 loading class 0x00007f7d20a05f10
Event: 5.898 loading class 0x00007f7d20a05f10 done
Event: 5.898 loading class 0x00007f7d20a05f10
Event: 5.898 loading class 0x00007f7d20a05f10 done
Event: 5.898 loading class 0x00007f7d20a05f10
Event: 5.898 loading class 0x00007f7d20a05f10 done
Event: 5.898 Executing VM operation: ParallelGCFailedAllocation


Dynamic libraries:
00400000-00401000 r-xp 00000000 08:02 134419464                          /usr/local/jdk1.7.0_67/jre/bin/java
00600000-00601000 rw-p 00000000 08:02 134419464                          /usr/local/jdk1.7.0_67/jre/bin/java
00f30000-00f51000 rw-p 00000000 00:00 0                                  [heap]
60bc00000-60dd80000 rw-p 00000000 00:00 0 
60dd80000-610e00000 rw-p 00000000 00:00 0 
610e00000-625800000 rw-p 00000000 00:00 0 
625800000-75af00000 rw-p 00000000 00:00 0 
75af00000-77c800000 rw-p 00000000 00:00 0 
7a2400000-800000000 rw-p 00000000 00:00 0 
7f7cbc000000-7f7cbc021000 rw-p 00000000 00:00 0 
7f7cbc021000-7f7cc0000000 ---p 00000000 00:00 0 
7f7cc0000000-7f7cc0021000 rw-p 00000000 00:00 0 
7f7cc0021000-7f7cc4000000 ---p 00000000 00:00 0 
7f7cc4000000-7f7cc4021000 rw-p 00000000 00:00 0 
7f7cc4021000-7f7cc8000000 ---p 00000000 00:00 0 
7f7cc8000000-7f7cc8021000 rw-p 00000000 00:00 0 
7f7cc8021000-7f7ccc000000 ---p 00000000 00:00 0 
7f7ccc000000-7f7ccc021000 rw-p 00000000 00:00 0 
7f7ccc021000-7f7cd0000000 ---p 00000000 00:00 0 
7f7cd0000000-7f7cd0021000 rw-p 00000000 00:00 0 
7f7cd0021000-7f7cd4000000 ---p 00000000 00:00 0 
7f7cd4000000-7f7cd4021000 rw-p 00000000 00:00 0 
7f7cd4021000-7f7cd8000000 ---p 00000000 00:00 0 
7f7cd8000000-7f7cd8021000 rw-p 00000000 00:00 0 
7f7cd8021000-7f7cdc000000 ---p 00000000 00:00 0 
7f7cdc000000-7f7cdc021000 rw-p 00000000 00:00 0 
7f7cdc021000-7f7ce0000000 ---p 00000000 00:00 0 
7f7ce0000000-7f7ce0021000 rw-p 00000000 00:00 0 
7f7ce0021000-7f7ce4000000 ---p 00000000 00:00 0 
7f7ce4000000-7f7ce4021000 rw-p 00000000 00:00 0 
7f7ce4021000-7f7ce8000000 ---p 00000000 00:00 0 
7f7ce8000000-7f7ce8021000 rw-p 00000000 00:00 0 
7f7ce8021000-7f7cec000000 ---p 00000000 00:00 0 
7f7cec000000-7f7cec021000 rw-p 00000000 00:00 0 
7f7cec021000-7f7cf0000000 ---p 00000000 00:00 0 
7f7cf0000000-7f7cf0021000 rw-p 00000000 00:00 0 
7f7cf0021000-7f7cf4000000 ---p 00000000 00:00 0 
7f7cf4000000-7f7cf4021000 rw-p 00000000 00:00 0 
7f7cf4021000-7f7cf8000000 ---p 00000000 00:00 0 
7f7cf8000000-7f7cf8021000 rw-p 00000000 00:00 0 
7f7cf8021000-7f7cfc000000 ---p 00000000 00:00 0 
7f7cfc000000-7f7cfc021000 rw-p 00000000 00:00 0 
7f7cfc021000-7f7d00000000 ---p 00000000 00:00 0 
7f7d00000000-7f7d00021000 rw-p 00000000 00:00 0 
7f7d00021000-7f7d04000000 ---p 00000000 00:00 0 
7f7d04000000-7f7d04021000 rw-p 00000000 00:00 0 
7f7d04021000-7f7d08000000 ---p 00000000 00:00 0 
7f7d08000000-7f7d08021000 rw-p 00000000 00:00 0 
7f7d08021000-7f7d0c000000 ---p 00000000 00:00 0 
7f7d0c000000-7f7d0c021000 rw-p 00000000 00:00 0 
7f7d0c021000-7f7d10000000 ---p 00000000 00:00 0 
7f7d10000000-7f7d10021000 rw-p 00000000 00:00 0 
7f7d10021000-7f7d14000000 ---p 00000000 00:00 0 
7f7d14000000-7f7d14021000 rw-p 00000000 00:00 0 
7f7d14021000-7f7d18000000 ---p 00000000 00:00 0 
7f7d18000000-7f7d18021000 rw-p 00000000 00:00 0 
7f7d18021000-7f7d1c000000 ---p 00000000 00:00 0 
7f7d1c000000-7f7d1c021000 rw-p 00000000 00:00 0 
7f7d1c021000-7f7d20000000 ---p 00000000 00:00 0 
7f7d20000000-7f7d20a70000 rw-p 00000000 00:00 0 
7f7d20a70000-7f7d24000000 ---p 00000000 00:00 0 
7f7d24000000-7f7d24021000 rw-p 00000000 00:00 0 
7f7d24021000-7f7d28000000 ---p 00000000 00:00 0 
7f7d28000000-7f7d28021000 rw-p 00000000 00:00 0 
7f7d28021000-7f7d2c000000 ---p 00000000 00:00 0 
7f7d2c000000-7f7d2d826000 rw-p 00000000 00:00 0 
7f7d2d826000-7f7d30000000 ---p 00000000 00:00 0 
7f7d30000000-7f7d30021000 rw-p 00000000 00:00 0 
7f7d30021000-7f7d34000000 ---p 00000000 00:00 0 
7f7d34000000-7f7d35659000 rw-p 00000000 00:00 0 
7f7d35659000-7f7d38000000 ---p 00000000 00:00 0 
7f7d39ad7000-7f7d40000000 r--p 00000000 08:02 134221019                  /usr/lib/locale/locale-archive
7f7d40000000-7f7d40021000 rw-p 00000000 00:00 0 
7f7d40021000-7f7d44000000 ---p 00000000 00:00 0 
7f7d44000000-7f7d44021000 rw-p 00000000 00:00 0 
7f7d44021000-7f7d48000000 ---p 00000000 00:00 0 
7f7d48000000-7f7d48021000 rw-p 00000000 00:00 0 
7f7d48021000-7f7d4c000000 ---p 00000000 00:00 0 
7f7d4c5e0000-7f7d5c000000 rw-p 00000000 00:00 0 
7f7d5c000000-7f7d5c021000 rw-p 00000000 00:00 0 
7f7d5c021000-7f7d60000000 ---p 00000000 00:00 0 
7f7d60000000-7f7d6024d000 rw-p 00000000 00:00 0 
7f7d6024d000-7f7d64000000 ---p 00000000 00:00 0 
7f7d64000000-7f7d64021000 rw-p 00000000 00:00 0 
7f7d64021000-7f7d68000000 ---p 00000000 00:00 0 
7f7d6c000000-7f7d6c021000 rw-p 00000000 00:00 0 
7f7d6c021000-7f7d70000000 ---p 00000000 00:00 0 
7f7d74000000-7f7d74021000 rw-p 00000000 00:00 0 
7f7d74021000-7f7d78000000 ---p 00000000 00:00 0 
7f7d7c000000-7f7d7c021000 rw-p 00000000 00:00 0 
7f7d7c021000-7f7d80000000 ---p 00000000 00:00 0 
7f7d80000000-7f7d80021000 rw-p 00000000 00:00 0 
7f7d80021000-7f7d84000000 ---p 00000000 00:00 0 
7f7d84000000-7f7d84021000 rw-p 00000000 00:00 0 
7f7d84021000-7f7d88000000 ---p 00000000 00:00 0 
7f7d898d0000-7f7d898db000 r--s 0037c000 08:02 134419833                  /usr/local/jdk1.7.0_67/jre/lib/charsets.jar
7f7d898db000-7f7d898de000 ---p 00000000 00:00 0 
7f7d898de000-7f7d899dc000 rw-p 00000000 00:00 0                          [stack:38969]
7f7d899dc000-7f7d899df000 ---p 00000000 00:00 0 
7f7d899df000-7f7d89add000 rw-p 00000000 00:00 0                          [stack:38966]
7f7d89add000-7f7d89ae0000 ---p 00000000 00:00 0 
7f7d89ae0000-7f7d89bde000 rw-p 00000000 00:00 0                          [stack:38965]
7f7d89bde000-7f7d89be1000 ---p 00000000 00:00 0 
7f7d89be1000-7f7d89cdf000 rw-p 00000000 00:00 0                          [stack:38964]
7f7d89cdf000-7f7d89ce2000 ---p 00000000 00:00 0 
7f7d89ce2000-7f7d89de0000 rw-p 00000000 00:00 0                          [stack:38963]
7f7d89de0000-7f7d89de3000 ---p 00000000 00:00 0 
7f7d89de3000-7f7d89ee1000 rw-p 00000000 00:00 0                          [stack:38962]
7f7d89ee1000-7f7d89ee4000 ---p 00000000 00:00 0 
7f7d89ee4000-7f7d89fe2000 rw-p 00000000 00:00 0                          [stack:38961]
7f7d89fe2000-7f7d89fe5000 ---p 00000000 00:00 0 
7f7d89fe5000-7f7d8a0e3000 rw-p 00000000 00:00 0                          [stack:38959]
7f7d8a0e3000-7f7d8a0e6000 ---p 00000000 00:00 0 
7f7d8a0e6000-7f7d8a1e4000 rw-p 00000000 00:00 0                          [stack:38958]
7f7d8a1e4000-7f7d8a1e7000 ---p 00000000 00:00 0 
7f7d8a1e7000-7f7d8a2e5000 rw-p 00000000 00:00 0                          [stack:38957]
7f7d8a2e5000-7f7d8a2e8000 ---p 00000000 00:00 0 
7f7d8a2e8000-7f7d8a3e6000 rw-p 00000000 00:00 0                          [stack:38956]
7f7d8a3e6000-7f7d8a3e9000 ---p 00000000 00:00 0 
7f7d8a3e9000-7f7d8a4e7000 rw-p 00000000 00:00 0                          [stack:38955]
7f7d8a4e7000-7f7d8a4ea000 ---p 00000000 00:00 0 
7f7d8a4ea000-7f7d8a5e8000 rw-p 00000000 00:00 0                          [stack:38954]
7f7d8a5e8000-7f7d8a5eb000 ---p 00000000 00:00 0 
7f7d8a5eb000-7f7d8a6e9000 rw-p 00000000 00:00 0                          [stack:38953]
7f7d8a6e9000-7f7d8a6ec000 ---p 00000000 00:00 0 
7f7d8a6ec000-7f7d8a7ea000 rw-p 00000000 00:00 0                          [stack:38952]
7f7d8a7ea000-7f7d8a7ed000 ---p 00000000 00:00 0 
7f7d8a7ed000-7f7d8a8eb000 rw-p 00000000 00:00 0                          [stack:38951]
7f7d8a8eb000-7f7d8a8ee000 ---p 00000000 00:00 0 
7f7d8a8ee000-7f7d8a9ec000 rw-p 00000000 00:00 0                          [stack:38950]
7f7d8a9ec000-7f7d8a9ef000 ---p 00000000 00:00 0 
7f7d8a9ef000-7f7d8aaed000 rw-p 00000000 00:00 0                          [stack:38949]
7f7d8aaed000-7f7d8aaf0000 ---p 00000000 00:00 0 
7f7d8aaf0000-7f7d8abee000 rw-p 00000000 00:00 0                          [stack:38948]
7f7d8abee000-7f7d8abf1000 ---p 00000000 00:00 0 
7f7d8abf1000-7f7d8acef000 rw-p 00000000 00:00 0                          [stack:38947]
7f7d8acef000-7f7d8acf2000 ---p 00000000 00:00 0 
7f7d8acf2000-7f7d8adf0000 rw-p 00000000 00:00 0                          [stack:38946]
7f7d8adf0000-7f7d8adf3000 ---p 00000000 00:00 0 
7f7d8adf3000-7f7d8aef1000 rw-p 00000000 00:00 0                          [stack:38945]
7f7d8aef1000-7f7d8aef4000 ---p 00000000 00:00 0 
7f7d8aef4000-7f7d8aff2000 rw-p 00000000 00:00 0                          [stack:38944]
7f7d8aff2000-7f7d8aff5000 ---p 00000000 00:00 0 
7f7d8aff5000-7f7d8b0f3000 rw-p 00000000 00:00 0                          [stack:38942]
7f7d8b0f3000-7f7d8b100000 r--s 000b9000 08:02 137603644                  /root/web/manager-tomcat/webapps/ROOT/WEB-INF/lib/zookeeper-3.4.9.jar
7f7d8b100000-7f7d8b102000 r--s 0000e000 08:02 136820520                  /root/web/manager-tomcat/webapps/ROOT/WEB-INF/lib/zkclient-0.3.jar
7f7d8b102000-7f7d8b13f000 r--s 0024f000 08:02 137603618                  /root/web/manager-tomcat/webapps/ROOT/WEB-INF/lib/xmlbeans-2.3.0.jar
7f7d8b13f000-7f7d8b144000 r--s 00016000 08:02 137603621                  /root/web/manager-tomcat/webapps/ROOT/WEB-INF/lib/xml-apis-1.0.b2.jar
7f7d8b144000-7f7d8b14b000 r--s 00079000 08:02 137603638                  /root/web/manager-tomcat/webapps/ROOT/WEB-INF/lib/wstx-asl-3.2.7.jar
7f7d8b14b000-7f7d8b14f000 r--s 0000c000 08:02 137269843                  /root/web/manager-tomcat/webapps/ROOT/WEB-INF/lib/validation-api-1.1.0.Final.jar
7f7d8b14f000-7f7d8b151000 r--s 00006000 08:02 137603634                  /root/web/manager-tomcat/webapps/ROOT/WEB-INF/lib/upload-client-2.0.16.jar
7f7d8b151000-7f7d8b157000 r--s 0004b000 08:02 137603622                  /root/web/manager-tomcat/webapps/ROOT/WEB-INF/lib/struts-core-1.3.10.jar
7f7d8b157000-7f7d8b159000 r--s 00005000 08:02 137603619                  /root/web/manager-tomcat/webapps/ROOT/WEB-INF/lib/stax-api-1.0.1.jar
7f7d8b159000-7f7d8b166000 r--s 00095000 08:02 137269837                  /root/web/manager-tomcat/webapps/ROOT/WEB-INF/lib/spring-webmvc-4.0.2.RELEASE.jar
7f7d8b166000-7f7d8b175000 r--s 00094000 08:02 137269830                  /root/web/manager-tomcat/webapps/ROOT/WEB-INF/lib/spring-web-4.0.2.RELEASE.jar
7f7d8b175000-7f7d8b17c000 r--s 00036000 08:02 137269835                  /root/web/manager-tomcat/webapps/ROOT/WEB-INF/lib/spring-tx-4.0.2.RELEASE.jar
7f7d8b17c000-7f7d8b187000 r--s 00063000 08:02 137269840                  /root/web/manager-tomcat/webapps/ROOT/WEB-INF/lib/spring-test-4.0.2.RELEASE.jar
7f7d8b187000-7f7d8b191000 r--s 0005d000 08:02 137269836                  /root/web/manager-tomcat/webapps/ROOT/WEB-INF/lib/spring-jdbc-4.0.2.RELEASE.jar
7f7d8b191000-7f7d8b195000 r--s 0002e000 08:02 137269838                  /root/web/manager-tomcat/webapps/ROOT/WEB-INF/lib/spring-expression-4.0.2.RELEASE.jar
7f7d8b195000-7f7d8b1a9000 r--s 000d7000 08:02 137269828                  /root/web/manager-tomcat/webapps/ROOT/WEB-INF/lib/spring-core-4.0.2.RELEASE.jar
7f7d8b1a9000-7f7d8b1ad000 r--s 0001e000 08:02 137269839                  /root/web/manager-tomcat/webapps/ROOT/WEB-INF/lib/spring-context-support-4.0.2.RELEASE.jar
7f7d8b1ad000-7f7d8b1c4000 r--s 000d7000 08:02 137269834                  /root/web/manager-tomcat/webapps/ROOT/WEB-INF/lib/spring-context-4.0.2.RELEASE.jar
7f7d8b1c4000-7f7d8b1d1000 r--s 00097000 08:02 137269833                  /root/web/manager-tomcat/webapps/ROOT/WEB-INF/lib/spring-beans-4.0.2.RELEASE.jar
7f7d8b1d1000-7f7d8b1da000 r--s 0004e000 08:02 137269831                  /root/web/manager-tomcat/webapps/ROOT/WEB-INF/lib/spring-aop-4.0.2.RELEASE.jar
7f7d8b1da000-7f7d8b1e2000 r--s 00060000 08:02 137603635                  /root/web/manager-tomcat/webapps/ROOT/WEB-INF/lib/solr-solrj-4.8.0.jar
7f7d8b1e2000-7f7d8b1e3000 r--s 00002000 08:02 137603645                  /root/web/manager-tomcat/webapps/ROOT/WEB-INF/lib/slf4j-log4j12-1.6.1.jar
7f7d8b1e3000-7f7d8b1e5000 r--s 00006000 08:02 137269851                  /root/web/manager-tomcat/webapps/ROOT/WEB-INF/lib/slf4j-api-1.7.7.jar
7f7d8b1e5000-7f7d8b1e8000 r--s 00020000 08:02 137269824                  /root/web/manager-tomcat/webapps/ROOT/WEB-INF/lib/shiro-web-1.2.3.jar
7f7d8b1e8000-7f7d8b1ea000 r--s 00005000 08:02 137269823                  /root/web/manager-tomcat/webapps/ROOT/WEB-INF/lib/shiro-spring-1.2.3.jar
7f7d8b1ea000-7f7d8b1f3000 r--s 00051000 08:02 137269825                  /root/web/manager-tomcat/webapps/ROOT/WEB-INF/lib/shiro-core-1.2.3.jar
7f7d8b1f3000-7f7d8b1f5000 r--s 00004000 08:02 136820529                  /root/web/manager-tomcat/webapps/ROOT/WEB-INF/lib/reflectasm-1.11.3.jar
7f7d8b1f5000-7f7d8b1fd000 r--s 00031000 08:02 137269846                  /root/web/manager-tomcat/webapps/ROOT/WEB-INF/lib/rapid-3.9.3.jar
7f7d8b1fd000-7f7d8b204000 r--s 00066000 08:02 137603607                  /root/web/manager-tomcat/webapps/ROOT/WEB-INF/lib/quartz-1.8.5.jar
7f7d8b204000-7f7d8b296000 r--s 003ec000 08:02 137603617                  /root/web/manager-tomcat/webapps/ROOT/WEB-INF/lib/poi-ooxml-schemas-3.8.jar
7f7d8b296000-7f7d8b2a2000 r--s 000d8000 08:02 137603615                  /root/web/manager-tomcat/webapps/ROOT/WEB-INF/lib/poi-ooxml-3.8.jar
7f7d8b2a2000-7f7d8b2c2000 r--s 0019d000 08:02 137603616                  /root/web/manager-tomcat/webapps/ROOT/WEB-INF/lib/poi-3.8.jar
7f7d8b2c2000-7f7d8b2c4000 r--s 00014000 08:02 137269820                  /root/web/manager-tomcat/webapps/ROOT/WEB-INF/lib/pd-common-1.0-SNAPSHOT.jar
7f7d8b2c4000-7f7d8b2c5000 r--s 00000000 08:02 137269821                  /root/web/manager-tomcat/webapps/ROOT/WEB-INF/lib/pd-api-notify-1.0-SNAPSHOT.jar
7f7d8b2c5000-7f7d8b2c8000 r--s 0001d000 08:02 137269822                  /root/web/manager-tomcat/webapps/ROOT/WEB-INF/lib/pd-api-erp-1.0-SNAPSHOT.jar
7f7d8b2c8000-7f7d8b2ca000 r--s 00007000 08:02 137269819                  /root/web/manager-tomcat/webapps/ROOT/WEB-INF/lib/pd-api-auth-1.0-SNAPSHOT.jar
7f7d8b2ca000-7f7d8b2cc000 r--s 00009000 08:02 137603603                  /root/web/manager-tomcat/webapps/ROOT/WEB-INF/lib/pagehelper-3.6.3.jar
7f7d8b2cc000-7f7d8b2ce000 r--s 0000e000 08:02 137603626                  /root/web/manager-tomcat/webapps/ROOT/WEB-INF/lib/oro-2.0.8.jar
7f7d8b2ce000-7f7d8b2d0000 r--s 0000b000 08:02 136820532                  /root/web/manager-tomcat/webapps/ROOT/WEB-INF/lib/objenesis-2.2.jar
7f7d8b2d0000-7f7d8b2d1000 r--s 00005000 08:02 137603639                  /root/web/manager-tomcat/webapps/ROOT/WEB-INF/lib/noggit-0.5.jar
7f7d8b2d1000-7f7d8b2e1000 r--s 000b2000 08:02 136820522                  /root/web/manager-tomcat/webapps/ROOT/WEB-INF/lib/netty-3.2.5.Final.jar
7f7d8b2e1000-7f7d8b2fa000 r--s 0012c000 08:02 137603647                  /root/web/manager-tomcat/webapps/ROOT/WEB-INF/lib/netty-3.10.5.Final.jar
7f7d8b2fa000-7f7d8b303000 r--s 000e0000 08:02 137269848                  /root/web/manager-tomcat/webapps/ROOT/WEB-INF/lib/mysql-connector-java-5.1.30.jar
7f7d8b303000-7f7d8b30f000 r--s 0008a000 08:02 137269841                  /root/web/manager-tomcat/webapps/ROOT/WEB-INF/lib/mybatis-3.0.2.jar
7f7d8b30f000-7f7d8b310000 r--s 00001000 08:02 136820531                  /root/web/manager-tomcat/webapps/ROOT/WEB-INF/lib/minlog-1.3.0.jar
7f7d8b310000-7f7d8b318000 r--s 00078000 08:02 136820533                  /root/web/manager-tomcat/webapps/ROOT/WEB-INF/lib/mail-1.4.7.jar
7f7d8b318000-7f7d8b322000 r--s 0005f000 08:02 137269852                  /root/web/manager-tomcat/webapps/ROOT/WEB-INF/lib/logback-core-1.1.2.jar
7f7d8b322000-7f7d8b328000 r--s 0003d000 08:02 137269853                  /root/web/manager-tomcat/webapps/ROOT/WEB-INF/lib/logback-classic-1.1.2.jar
7f7d8b328000-7f7d8b329000 r--s 00010000 08:02 137269847                  /root/web/manager-tomcat/webapps/ROOT/WEB-INF/lib/log4jdbc4-1.2.1.jar
7f7d8b329000-7f7d8b332000 r--s 0006d000 08:02 137603636                  /root/web/manager-tomcat/webapps/ROOT/WEB-INF/lib/log4j-1.2.16.jar
7f7d8b332000-7f7d8b33a000 r--s 00048000 08:02 136820528                  /root/web/manager-tomcat/webapps/ROOT/WEB-INF/lib/kryo-4.0.0.jar
7f7d8b33a000-7f7d8b33b000 r--s 00003000 08:02 137603608                  /root/web/manager-tomcat/webapps/ROOT/WEB-INF/lib/jta-1.1.jar
7f7d8b33b000-7f7d8b345000 r--s 0005c000 08:02 137269826                  /root/web/manager-tomcat/webapps/ROOT/WEB-INF/lib/jstl-1.2.jar
7f7d8b345000-7f7d8b34b000 r--s 00038000 08:02 137603604                  /root/web/manager-tomcat/webapps/ROOT/WEB-INF/lib/jsqlparser-0.9.1.jar
7f7d8b34b000-7f7d8b34e000 r--s 00024000 08:02 137603628                  /root/web/manager-tomcat/webapps/ROOT/WEB-INF/lib/json-lib-2.4-jdk15.jar
7f7d8b34e000-7f7d8b34f000 r--s 0000d000 08:02 137603632                  /root/web/manager-tomcat/webapps/ROOT/WEB-INF/lib/json-20170516.jar
7f7d8b34f000-7f7d8b351000 r--s 00014000 08:02 137603646                  /root/web/manager-tomcat/webapps/ROOT/WEB-INF/lib/jline-0.9.94.jar
7f7d8b351000-7f7d8b35d000 r--s 0007c000 08:02 136820534                  /root/web/manager-tomcat/webapps/ROOT/WEB-INF/lib/jedis-2.9.0.jar
7f7d8b35d000-7f7d8b35f000 r--s 00003000 08:02 137269854                  /root/web/manager-tomcat/webapps/ROOT/WEB-INF/lib/jcl-over-slf4j-1.7.12.jar
7f7d8b35f000-7f7d8b361000 r--s 0000c000 08:02 137269844                  /root/web/manager-tomcat/webapps/ROOT/WEB-INF/lib/jboss-logging-3.1.3.GA.jar
7f7d8b361000-7f7d8b366000 r--s 00025000 08:02 137603613                  /root/web/manager-tomcat/webapps/ROOT/WEB-INF/lib/javax.wsdl-1.6.2.jar
7f7d8b368000-7f7d8b369000 rw-p 00000000 00:00 0 
7f7d8b369000-7f7d8b373000 r--s 000ae000 08:02 137603643                  /root/web/manager-tomcat/webapps/ROOT/WEB-INF/lib/javassist-3.20.0-GA.jar
7f7d8b373000-7f7d8b382000 r--s 000b0000 08:02 137603597                  /root/web/manager-tomcat/webapps/ROOT/WEB-INF/lib/jackson-mapper-asl-1.9.5.jar
7f7d8b382000-7f7d8b394000 r--s 00106000 08:02 137603600                  /root/web/manager-tomcat/webapps/ROOT/WEB-INF/lib/jackson-databind-2.5.4.jar
7f7d8b394000-7f7d8b398000 r--s 00034000 08:02 137603598                  /root/web/manager-tomcat/webapps/ROOT/WEB-INF/lib/jackson-core-asl-1.9.5.jar
7f7d8b398000-7f7d8b39c000 r--s 00035000 08:02 137603599                  /root/web/manager-tomcat/webapps/ROOT/WEB-INF/lib/jackson-core-2.5.4.jar
7f7d8b39c000-7f7d8b39e000 r--s 00008000 08:02 137603601                  /root/web/manager-tomcat/webapps/ROOT/WEB-INF/lib/jackson-annotations-2.5.0.jar
7f7d8b39e000-7f7d8b3a0000 r--s 00008000 08:02 137603637                  /root/web/manager-tomcat/webapps/ROOT/WEB-INF/lib/httpmime-4.3.1.jar
7f7d8b3a0000-7f7d8b3a6000 r--s 0003f000 08:02 137603606                  /root/web/manager-tomcat/webapps/ROOT/WEB-INF/lib/httpcore-4.3.2.jar
7f7d8b3a6000-7f7d8b3b2000 r--s 00085000 08:02 137603605                  /root/web/manager-tomcat/webapps/ROOT/WEB-INF/lib/httpclient-4.3.4.jar
7f7d8b3b2000-7f7d8b3c1000 r--s 0008a000 08:02 137269842                  /root/web/manager-tomcat/webapps/ROOT/WEB-INF/lib/hibernate-validator-5.1.0.Final.jar
7f7d8b3c1000-7f7d8b3ea000 r--s 001ee000 08:02 136820527                  /root/web/manager-tomcat/webapps/ROOT/WEB-INF/lib/guava-14.0.1.jar
7f7d8b3ea000-7f7d8b3ef000 r--s 0002f000 08:02 137603629                  /root/web/manager-tomcat/webapps/ROOT/WEB-INF/lib/gson-2.3.1.jar
7f7d8b3ef000-7f7d8b3f6000 r--s 0006a000 08:02 137269855                  /root/web/manager-tomcat/webapps/ROOT/WEB-INF/lib/fastjson-1.2.28.jar
7f7d8b3f6000-7f7d8b3f9000 r--s 00013000 08:02 137603627                  /root/web/manager-tomcat/webapps/ROOT/WEB-INF/lib/ezmorph-1.0.6.jar
7f7d8b3f9000-7f7d8b41c000 r--s 0017a000 08:02 137603641                  /root/web/manager-tomcat/webapps/ROOT/WEB-INF/lib/dubbo-2.6.2.jar
7f7d8b41c000-7f7d8b43c000 r--s 001bd000 08:02 137603586                  /root/web/manager-tomcat/webapps/ROOT/WEB-INF/lib/druid-1.0.15.jar
7f7d8b43c000-7f7d8b441000 r--s 00048000 08:02 137603620                  /root/web/manager-tomcat/webapps/ROOT/WEB-INF/lib/dom4j-1.6.1.jar
7f7d8b441000-7f7d8b447000 r--s 00036000 08:02 136820523                  /root/web/manager-tomcat/webapps/ROOT/WEB-INF/lib/curator-recipes-2.4.2.jar
7f7d8b447000-7f7d8b44c000 r--s 00027000 08:02 136820524                  /root/web/manager-tomcat/webapps/ROOT/WEB-INF/lib/curator-framework-2.4.2.jar
7f7d8b44c000-7f7d8b44e000 r--s 0000f000 08:02 136820526                  /root/web/manager-tomcat/webapps/ROOT/WEB-INF/lib/curator-client-2.4.2.jar
7f7d8b44e000-7f7d8b451000 r--s 0001f000 08:02 137603625                  /root/web/manager-tomcat/webapps/ROOT/WEB-INF/lib/commons-validator-1.3.1.jar
7f7d8b451000-7f7d8b454000 r--s 00019000 08:02 136820537                  /root/web/manager-tomcat/webapps/ROOT/WEB-INF/lib/commons-pool2-2.4.2.jar
7f7d8b454000-7f7d8b456000 r--s 0000e000 08:02 137269850                  /root/web/manager-tomcat/webapps/ROOT/WEB-INF/lib/commons-pool-1.3.jar
7f7d8b456000-7f7d8b458000 r--s 0000e000 08:02 137269829                  /root/web/manager-tomcat/webapps/ROOT/WEB-INF/lib/commons-logging-1.1.3.jar
7f7d8b458000-7f7d8b45f000 r--s 0005e000 08:02 137603587                  /root/web/manager-tomcat/webapps/ROOT/WEB-INF/lib/commons-lang3-3.3.2.jar
7f7d8b45f000-7f7d8b463000 r--s 0003c000 08:02 137603590                  /root/web/manager-tomcat/webapps/ROOT/WEB-INF/lib/commons-lang-2.4.jar
7f7d8b463000-7f7d8b467000 r--s 0002a000 08:02 137603594                  /root/web/manager-tomcat/webapps/ROOT/WEB-INF/lib/commons-io-2.4.jar
7f7d8b467000-7f7d8b46d000 r--s 00045000 08:02 137603602                  /root/web/manager-tomcat/webapps/ROOT/WEB-INF/lib/commons-httpclient-3.1.jar
7f7d8b46d000-7f7d8b46f000 r--s 0000f000 08:02 137603593                  /root/web/manager-tomcat/webapps/ROOT/WEB-INF/lib/commons-fileupload-1.3.1.jar
7f7d8b46f000-7f7d8b473000 r--s 00020000 08:02 137603591                  /root/web/manager-tomcat/webapps/ROOT/WEB-INF/lib/commons-digester-1.8.jar
7f7d8b473000-7f7d8b481000 r--s 0007f000 08:02 137603589                  /root/web/manager-tomcat/webapps/ROOT/WEB-INF/lib/commons-collections-3.2.1.jar
7f7d8b481000-7f7d8b484000 ---p 00000000 00:00 0 
7f7d8b484000-7f7d8b582000 rw-p 00000000 00:00 0                          [stack:38939]
7f7d8b582000-7f7d8b585000 ---p 00000000 00:00 0 
7f7d8b585000-7f7d8b683000 rw-p 00000000 00:00 0                          [stack:38938]
7f7d8b683000-7f7d8b698000 r-xp 00000000 08:02 403811689                  /usr/lib64/libgcc_s-4.8.5-20150702.so.1
7f7d8b698000-7f7d8b897000 ---p 00015000 08:02 403811689                  /usr/lib64/libgcc_s-4.8.5-20150702.so.1
7f7d8b897000-7f7d8b898000 r--p 00014000 08:02 403811689                  /usr/lib64/libgcc_s-4.8.5-20150702.so.1
7f7d8b898000-7f7d8b899000 rw-p 00015000 08:02 403811689                  /usr/lib64/libgcc_s-4.8.5-20150702.so.1
7f7d8b899000-7f7d8b8cb000 r-xp 00000000 08:02 134419641                  /usr/local/jdk1.7.0_67/jre/lib/amd64/libsunec.so
7f7d8b8cb000-7f7d8baca000 ---p 00032000 08:02 134419641                  /usr/local/jdk1.7.0_67/jre/lib/amd64/libsunec.so
7f7d8baca000-7f7d8bad0000 rw-p 00031000 08:02 134419641                  /usr/local/jdk1.7.0_67/jre/lib/amd64/libsunec.so
7f7d8bad0000-7f7d8bae0000 rw-p 00000000 00:00 0 
7f7d8bae0000-7f7d8bae3000 ---p 00000000 00:00 0 
7f7d8bae3000-7f7d8bbe1000 rw-p 00000000 00:00 0                          [stack:38936]
7f7d8bbe1000-7f7d8bbe9000 r-xp 00000000 08:02 134419513                  /usr/local/jdk1.7.0_67/jre/lib/amd64/libmanagement.so
7f7d8bbe9000-7f7d8bde8000 ---p 00008000 08:02 134419513                  /usr/local/jdk1.7.0_67/jre/lib/amd64/libmanagement.so
7f7d8bde8000-7f7d8bde9000 rw-p 00007000 08:02 134419513                  /usr/local/jdk1.7.0_67/jre/lib/amd64/libmanagement.so
7f7d8bde9000-7f7d8bdff000 r-xp 00000000 08:02 134419628                  /usr/local/jdk1.7.0_67/jre/lib/amd64/libnet.so
7f7d8bdff000-7f7d8bfff000 ---p 00016000 08:02 134419628                  /usr/local/jdk1.7.0_67/jre/lib/amd64/libnet.so
7f7d8bfff000-7f7d8c000000 rw-p 00016000 08:02 134419628                  /usr/local/jdk1.7.0_67/jre/lib/amd64/libnet.so
7f7d8c000000-7f7d8c021000 rw-p 00000000 00:00 0 
7f7d8c021000-7f7d90000000 ---p 00000000 00:00 0 
7f7d90000000-7f7d90003000 r--s 0000f000 08:02 137603614                  /root/web/manager-tomcat/webapps/ROOT/WEB-INF/lib/commons-discovery-0.2.jar
7f7d90003000-7f7d90005000 r--s 0001c000 08:02 137269849                  /root/web/manager-tomcat/webapps/ROOT/WEB-INF/lib/commons-dbcp-1.2.2.jar
7f7d90005000-7f7d9000b000 r--s 00043000 08:02 137603588                  /root/web/manager-tomcat/webapps/ROOT/WEB-INF/lib/commons-configuration-1.6.jar
7f7d9000b000-7f7d90012000 r--s 0003a000 08:02 137603595                  /root/web/manager-tomcat/webapps/ROOT/WEB-INF/lib/commons-codec-1.9.jar
7f7d90012000-7f7d90015000 r--s 00014000 08:02 137603624                  /root/web/manager-tomcat/webapps/ROOT/WEB-INF/lib/commons-chain-1.2.jar
7f7d90015000-7f7d90019000 r--s 0002f000 08:02 137603592                  /root/web/manager-tomcat/webapps/ROOT/WEB-INF/lib/commons-beanutils-core-1.8.0.jar
7f7d90019000-7f7d9001e000 r--s 00034000 08:02 137603596                  /root/web/manager-tomcat/webapps/ROOT/WEB-INF/lib/commons-beanutils-1.8.0.jar
7f7d9001e000-7f7d90020000 r--s 0000d000 08:02 137269845                  /root/web/manager-tomcat/webapps/ROOT/WEB-INF/lib/classmate-1.0.0.jar
7f7d90020000-7f7d90021000 r--s 00004000 08:02 137603612                  /root/web/manager-tomcat/webapps/ROOT/WEB-INF/lib/axis-saaj-1.4.jar
7f7d90021000-7f7d90023000 r--s 00006000 08:02 137603611                  /root/web/manager-tomcat/webapps/ROOT/WEB-INF/lib/axis-jaxrpc-1.4.jar
7f7d90023000-7f7d90037000 r--s 00173000 08:02 137603610                  /root/web/manager-tomcat/webapps/ROOT/WEB-INF/lib/axis-1.4.jar
7f7d90037000-7f7d9004f000 r--s 001af000 08:02 137603609                  /root/web/manager-tomcat/webapps/ROOT/WEB-INF/lib/aspectjweaver-1.8.5.jar
7f7d9004f000-7f7d90051000 r--s 0000c000 08:02 136820530                  /root/web/manager-tomcat/webapps/ROOT/WEB-INF/lib/asm-5.0.4.jar
7f7d90051000-7f7d90053000 r--s 00000000 08:02 137269832                  /root/web/manager-tomcat/webapps/ROOT/WEB-INF/lib/aopalliance-1.0.jar
7f7d90053000-7f7d90058000 r--s 00053000 08:02 137603623                  /root/web/manager-tomcat/webapps/ROOT/WEB-INF/lib/antlr-2.7.2.jar
7f7d90058000-7f7d9005a000 r--s 00003000 08:02 137603633                  /root/web/manager-tomcat/webapps/ROOT/WEB-INF/lib/aliyun-java-sdk-dysmsapi-1.0.0.jar
7f7d9005a000-7f7d9005d000 r--s 00018000 08:02 137603631                  /root/web/manager-tomcat/webapps/ROOT/WEB-INF/lib/aliyun-java-sdk-core-3.3.1.jar
7f7d9005d000-7f7d90064000 r--s 00000000 08:02 268650808                  /usr/lib64/gconv/gconv-modules.cache
7f7d90064000-7f7d90078000 r--p 00000000 08:02 33227                      /usr/share/locale/zh_CN/LC_MESSAGES/libc.mo
7f7d90078000-7f7d9007c000 r--s 0002d000 08:02 270788898                  /usr/local/jdk1.7.0_67/jre/lib/ext/sunjce_provider.jar
7f7d9007c000-7f7d9007d000 r--s 00003000 08:02 270788897                  /usr/local/jdk1.7.0_67/jre/lib/ext/sunec.jar
7f7d9007d000-7f7d90080000 r--s 00037000 08:02 270786334                  /usr/local/jdk1.7.0_67/jre/lib/ext/sunpkcs11.jar
7f7d90080000-7f7d90082000 r--s 00019000 08:02 134419835                  /usr/local/jdk1.7.0_67/jre/lib/jce.jar
7f7d90082000-7f7d90086000 r--s 0008a000 08:02 134419429                  /usr/local/jdk1.7.0_67/jre/lib/jsse.jar
7f7d90086000-7f7d9008a000 r--s 000f7000 08:02 270786333                  /usr/local/jdk1.7.0_67/jre/lib/ext/localedata.jar
7f7d9008a000-7f7d90094000 r--s 00251000 08:02 134419537                  /usr/local/jdk1.7.0_67/jre/lib/resources.jar
7f7d90094000-7f7d90096000 r--s 00007000 08:02 2253529                    /root/web/manager-tomcat/lib/websocket-api.jar
7f7d90096000-7f7d9009a000 r--s 00032000 08:02 2253528                    /root/web/manager-tomcat/lib/tomcat7-websocket.jar
7f7d9009a000-7f7d9009c000 r--s 00007000 08:02 2253523                    /root/web/manager-tomcat/lib/tomcat-util.jar
7f7d9009c000-7f7d9009f000 r--s 0001f000 08:02 2252781                    /root/web/manager-tomcat/lib/tomcat-jdbc.jar
7f7d9009f000-7f7d900a1000 r--s 0000a000 08:02 2251519                    /root/web/manager-tomcat/lib/tomcat-i18n-ja.jar
7f7d900a1000-7f7d900a2000 r--s 0000a000 08:02 2251518                    /root/web/manager-tomcat/lib/tomcat-i18n-fr.jar
7f7d900a2000-7f7d900a4000 r--s 00010000 08:02 2251517                    /root/web/manager-tomcat/lib/tomcat-i18n-es.jar
7f7d900a4000-7f7d900a8000 r--s 00036000 08:02 2251516                    /root/web/manager-tomcat/lib/tomcat-dbcp.jar
7f7d900a8000-7f7d900b4000 r--s 000ba000 08:02 2251515                    /root/web/manager-tomcat/lib/tomcat-coyote.jar
7f7d900b4000-7f7d900b7000 r--s 0002e000 08:02 2251513                    /root/web/manager-tomcat/lib/servlet-api.jar
7f7d900b7000-7f7d900be000 r--s 0008c000 08:02 2251511                    /root/web/manager-tomcat/lib/jasper.jar
7f7d900be000-7f7d900d0000 r--s 00223000 08:02 2251508                    /root/web/manager-tomcat/lib/ecj-4.4.2.jar
7f7d900d0000-7f7d90101000 rw-p 00000000 00:00 0 
7f7d90101000-7f7d90111000 r-xp 00000000 08:02 134419500                  /usr/local/jdk1.7.0_67/jre/lib/amd64/libnio.so
7f7d90111000-7f7d90311000 ---p 00010000 08:02 134419500                  /usr/local/jdk1.7.0_67/jre/lib/amd64/libnio.so
7f7d90311000-7f7d90312000 rw-p 00010000 08:02 134419500                  /usr/local/jdk1.7.0_67/jre/lib/amd64/libnio.so
7f7d90312000-7f7d90313000 ---p 00000000 00:00 0 
7f7d90313000-7f7d90413000 rw-p 00000000 00:00 0                          [stack:38935]
7f7d90413000-7f7d90416000 ---p 00000000 00:00 0 
7f7d90416000-7f7d90514000 rw-p 00000000 00:00 0                          [stack:38934]
7f7d90514000-7f7d90517000 ---p 00000000 00:00 0 
7f7d90517000-7f7d90615000 rw-p 00000000 00:00 0                          [stack:38933]
7f7d90615000-7f7d90618000 ---p 00000000 00:00 0 
7f7d90618000-7f7d90716000 rw-p 00000000 00:00 0                          [stack:38932]
7f7d90716000-7f7d90719000 ---p 00000000 00:00 0 
7f7d90719000-7f7d90817000 rw-p 00000000 00:00 0                          [stack:38931]
7f7d90817000-7f7d9081a000 ---p 00000000 00:00 0 
7f7d9081a000-7f7d90918000 rw-p 00000000 00:00 0                          [stack:38930]
7f7d90918000-7f7d9091b000 ---p 00000000 00:00 0 
7f7d9091b000-7f7d90a19000 rw-p 00000000 00:00 0                          [stack:38929]
7f7d90a19000-7f7d90a1a000 ---p 00000000 00:00 0 
7f7d90a1a000-7f7d92788000 rw-p 00000000 00:00 0                          [stack:38928]
7f7d92788000-7f7d92947000 r--s 039e5000 08:02 134419550                  /usr/local/jdk1.7.0_67/jre/lib/rt.jar
7f7d92947000-7f7d93a57000 rw-p 00000000 00:00 0 
7f7d93a57000-7f7d93a58000 ---p 00000000 00:00 0 
7f7d93a58000-7f7d93b58000 rw-p 00000000 00:00 0                          [stack:38927]
7f7d93b58000-7f7d93b59000 ---p 00000000 00:00 0 
7f7d93b59000-7f7d93c59000 rw-p 00000000 00:00 0                          [stack:38926]
7f7d93c59000-7f7d93c5a000 ---p 00000000 00:00 0 
7f7d93c5a000-7f7d93d5a000 rw-p 00000000 00:00 0                          [stack:38925]
7f7d93d5a000-7f7d93d5b000 ---p 00000000 00:00 0 
7f7d93d5b000-7f7d93e5b000 rw-p 00000000 00:00 0                          [stack:38924]
7f7d93e5b000-7f7d93e5c000 ---p 00000000 00:00 0 
7f7d93e5c000-7f7d93f5c000 rw-p 00000000 00:00 0                          [stack:38923]
7f7d93f5c000-7f7d93f5d000 ---p 00000000 00:00 0 
7f7d93f5d000-7f7d9406e000 rw-p 00000000 00:00 0                          [stack:38922]
7f7d9406e000-7f7d94086000 rw-p 00000000 00:00 0 
7f7d94086000-7f7d9412b000 rw-p 00000000 00:00 0 
7f7d9412b000-7f7d94ad6000 rw-p 00000000 00:00 0 
7f7d94ad6000-7f7d94be3000 rw-p 00000000 00:00 0 
7f7d94be3000-7f7d94fff000 rw-p 00000000 00:00 0 
7f7d94fff000-7f7d95000000 rw-p 00000000 00:00 0 
7f7d95000000-7f7d952e0000 rwxp 00000000 00:00 0 
7f7d952e0000-7f7d985c4000 rw-p 00000000 00:00 0 
7f7d985c4000-7f7d9c000000 ---p 00000000 00:00 0 
7f7d9c000000-7f7d9c003000 r--s 00013000 08:02 2251512                    /root/web/manager-tomcat/lib/jsp-api.jar
7f7d9c003000-7f7d9c016000 r--s 00188000 08:02 2251507                    /root/web/manager-tomcat/lib/catalina.jar
7f7d9c016000-7f7d9c01b000 r--s 0003d000 08:02 2251506                    /root/web/manager-tomcat/lib/catalina-tribes.jar
7f7d9c01b000-7f7d9c043000 rw-p 00000000 00:00 0 
7f7d9c043000-7f7d9c044000 ---p 00000000 00:00 0 
7f7d9c044000-7f7d9c144000 rw-p 00000000 00:00 0                          [stack:38921]
7f7d9c144000-7f7d9c145000 ---p 00000000 00:00 0 
7f7d9c145000-7f7d9c256000 rw-p 00000000 00:00 0                          [stack:38920]
7f7d9c256000-7f7d9c26e000 rw-p 00000000 00:00 0 
7f7d9c26e000-7f7d9c313000 rw-p 00000000 00:00 0 
7f7d9c313000-7f7d9ccbf000 rw-p 00000000 00:00 0 
7f7d9ccbf000-7f7d9ccd9000 r-xp 00000000 08:02 134419514                  /usr/local/jdk1.7.0_67/jre/lib/amd64/libzip.so
7f7d9ccd9000-7f7d9ced9000 ---p 0001a000 08:02 134419514                  /usr/local/jdk1.7.0_67/jre/lib/amd64/libzip.so
7f7d9ced9000-7f7d9ceda000 rw-p 0001a000 08:02 134419514                  /usr/local/jdk1.7.0_67/jre/lib/amd64/libzip.so
7f7d9ceda000-7f7d9cee6000 r-xp 00000000 08:02 402655235                  /usr/lib64/libnss_files-2.17.so
7f7d9cee6000-7f7d9d0e5000 ---p 0000c000 08:02 402655235                  /usr/lib64/libnss_files-2.17.so
7f7d9d0e5000-7f7d9d0e6000 r--p 0000b000 08:02 402655235                  /usr/lib64/libnss_files-2.17.so
7f7d9d0e6000-7f7d9d0e7000 rw-p 0000c000 08:02 402655235                  /usr/lib64/libnss_files-2.17.so
7f7d9d0e7000-7f7d9d0ed000 rw-p 00000000 00:00 0 
7f7d9d0ed000-7f7d9d116000 r-xp 00000000 08:02 134419497                  /usr/local/jdk1.7.0_67/jre/lib/amd64/libjava.so
7f7d9d116000-7f7d9d316000 ---p 00029000 08:02 134419497                  /usr/local/jdk1.7.0_67/jre/lib/amd64/libjava.so
7f7d9d316000-7f7d9d318000 rw-p 00029000 08:02 134419497                  /usr/local/jdk1.7.0_67/jre/lib/amd64/libjava.so
7f7d9d318000-7f7d9d325000 r-xp 00000000 08:02 134419627                  /usr/local/jdk1.7.0_67/jre/lib/amd64/libverify.so
7f7d9d325000-7f7d9d524000 ---p 0000d000 08:02 134419627                  /usr/local/jdk1.7.0_67/jre/lib/amd64/libverify.so
7f7d9d524000-7f7d9d526000 rw-p 0000c000 08:02 134419627                  /usr/local/jdk1.7.0_67/jre/lib/amd64/libverify.so
7f7d9d526000-7f7d9d52d000 r-xp 00000000 08:02 402655247                  /usr/lib64/librt-2.17.so
7f7d9d52d000-7f7d9d72c000 ---p 00007000 08:02 402655247                  /usr/lib64/librt-2.17.so
7f7d9d72c000-7f7d9d72d000 r--p 00006000 08:02 402655247                  /usr/lib64/librt-2.17.so
7f7d9d72d000-7f7d9d72e000 rw-p 00007000 08:02 402655247                  /usr/lib64/librt-2.17.so
7f7d9d72e000-7f7d9d82f000 r-xp 00000000 08:02 402655225                  /usr/lib64/libm-2.17.so
7f7d9d82f000-7f7d9da2e000 ---p 00101000 08:02 402655225                  /usr/lib64/libm-2.17.so
7f7d9da2e000-7f7d9da2f000 r--p 00100000 08:02 402655225                  /usr/lib64/libm-2.17.so
7f7d9da2f000-7f7d9da30000 rw-p 00101000 08:02 402655225                  /usr/lib64/libm-2.17.so
7f7d9da30000-7f7d9e5a0000 r-xp 00000000 08:02 270789014                  /usr/local/jdk1.7.0_67/jre/lib/amd64/server/libjvm.so
7f7d9e5a0000-7f7d9e79f000 ---p 00b70000 08:02 270789014                  /usr/local/jdk1.7.0_67/jre/lib/amd64/server/libjvm.so
7f7d9e79f000-7f7d9e864000 rw-p 00b6f000 08:02 270789014                  /usr/local/jdk1.7.0_67/jre/lib/amd64/server/libjvm.so
7f7d9e864000-7f7d9e8a4000 rw-p 00000000 00:00 0 
7f7d9e8a4000-7f7d9ea5c000 r-xp 00000000 08:02 402655217                  /usr/lib64/libc-2.17.so
7f7d9ea5c000-7f7d9ec5c000 ---p 001b8000 08:02 402655217                  /usr/lib64/libc-2.17.so
7f7d9ec5c000-7f7d9ec60000 r--p 001b8000 08:02 402655217                  /usr/lib64/libc-2.17.so
7f7d9ec60000-7f7d9ec62000 rw-p 001bc000 08:02 402655217                  /usr/lib64/libc-2.17.so
7f7d9ec62000-7f7d9ec67000 rw-p 00000000 00:00 0 
7f7d9ec67000-7f7d9ec69000 r-xp 00000000 08:02 402655223                  /usr/lib64/libdl-2.17.so
7f7d9ec69000-7f7d9ee69000 ---p 00002000 08:02 402655223                  /usr/lib64/libdl-2.17.so
7f7d9ee69000-7f7d9ee6a000 r--p 00002000 08:02 402655223                  /usr/lib64/libdl-2.17.so
7f7d9ee6a000-7f7d9ee6b000 rw-p 00003000 08:02 402655223                  /usr/lib64/libdl-2.17.so
7f7d9ee6b000-7f7d9ee81000 r-xp 00000000 08:02 1205224                    /usr/local/jdk1.7.0_67/jre/lib/amd64/jli/libjli.so
7f7d9ee81000-7f7d9f081000 ---p 00016000 08:02 1205224                    /usr/local/jdk1.7.0_67/jre/lib/amd64/jli/libjli.so
7f7d9f081000-7f7d9f082000 rw-p 00016000 08:02 1205224                    /usr/local/jdk1.7.0_67/jre/lib/amd64/jli/libjli.so
7f7d9f082000-7f7d9f099000 r-xp 00000000 08:02 402655243                  /usr/lib64/libpthread-2.17.so
7f7d9f099000-7f7d9f298000 ---p 00017000 08:02 402655243                  /usr/lib64/libpthread-2.17.so
7f7d9f298000-7f7d9f299000 r--p 00016000 08:02 402655243                  /usr/lib64/libpthread-2.17.so
7f7d9f299000-7f7d9f29a000 rw-p 00017000 08:02 402655243                  /usr/lib64/libpthread-2.17.so
7f7d9f29a000-7f7d9f29e000 rw-p 00000000 00:00 0 
7f7d9f29e000-7f7d9f2bf000 r-xp 00000000 08:02 402655210                  /usr/lib64/ld-2.17.so
7f7d9f2bf000-7f7d9f2c0000 r--s 00001000 08:02 2251514                    /root/web/manager-tomcat/lib/tomcat-api.jar
7f7d9f2c0000-7f7d9f2c3000 r--s 0001c000 08:02 2251510                    /root/web/manager-tomcat/lib/jasper-el.jar
7f7d9f2c3000-7f7d9f2f0000 rw-p 00000000 00:00 0 
7f7d9f2f0000-7f7d9f3a4000 rw-p 00000000 00:00 0 
7f7d9f3a4000-7f7d9f3a7000 ---p 00000000 00:00 0 
7f7d9f3a7000-7f7d9f4a9000 rw-p 00000000 00:00 0                          [stack:38919]
7f7d9f4a9000-7f7d9f4ab000 r--s 0000c000 08:02 2251509                    /root/web/manager-tomcat/lib/el-api.jar
7f7d9f4ab000-7f7d9f4ae000 r--s 0001e000 08:02 2251505                    /root/web/manager-tomcat/lib/catalina-ha.jar
7f7d9f4ae000-7f7d9f4b0000 r--s 0000c000 08:02 2251504                    /root/web/manager-tomcat/lib/catalina-ant.jar
7f7d9f4b0000-7f7d9f4b1000 r--s 00003000 08:02 2251503                    /root/web/manager-tomcat/lib/annotations-api.jar
7f7d9f4b1000-7f7d9f4b2000 r--s 0000a000 08:02 273505170                  /root/web/manager-tomcat/bin/tomcat-juli.jar
7f7d9f4b2000-7f7d9f4b3000 r--s 00005000 08:02 273505164                  /root/web/manager-tomcat/bin/commons-daemon.jar
7f7d9f4b3000-7f7d9f4b4000 r--s 00006000 08:02 273505160                  /root/web/manager-tomcat/bin/bootstrap.jar
7f7d9f4b4000-7f7d9f4bc000 rw-s 00000000 08:02 272367435                  /tmp/hsperfdata_root/38918
7f7d9f4bc000-7f7d9f4bd000 rw-p 00000000 00:00 0 
7f7d9f4bd000-7f7d9f4be000 ---p 00000000 00:00 0 
7f7d9f4be000-7f7d9f4bf000 rw-p 00000000 00:00 0 
7f7d9f4bf000-7f7d9f4c0000 r--p 00021000 08:02 402655210                  /usr/lib64/ld-2.17.so
7f7d9f4c0000-7f7d9f4c1000 rw-p 00022000 08:02 402655210                  /usr/lib64/ld-2.17.so
7f7d9f4c1000-7f7d9f4c2000 rw-p 00000000 00:00 0 
7ffcc47fa000-7ffcc481b000 rw-p 00000000 00:00 0                          [stack]
7ffcc4953000-7ffcc4955000 r-xp 00000000 00:00 0                          [vdso]
ffffffffff600000-ffffffffff601000 r-xp 00000000 00:00 0                  [vsyscall]

VM Arguments:
jvm_args: -Djava.util.logging.config.file=/root/web/manager-tomcat/conf/logging.properties -Djava.util.logging.manager=org.apache.juli.ClassLoaderLogManager -Djdk.tls.ephemeralDHKeySize=2048 -Djava.endorsed.dirs=/root/web/manager-tomcat/endorsed -Dcatalina.base=/root/web/manager-tomcat -Dcatalina.home=/root/web/manager-tomcat -Djava.io.tmpdir=/root/web/manager-tomcat/temp 
java_command: org.apache.catalina.startup.Bootstrap start
Launcher Type: SUN_STANDARD

Environment Variables:
JAVA_HOME=/usr/local/jdk1.7.0_67
JRE_HOME=/usr/local/jdk1.7.0_67/jre
CLASSPATH=/root/web/manager-tomcat/bin/bootstrap.jar:/root/web/manager-tomcat/bin/tomcat-juli.jar
PATH=/usr/local/jdk1.7.0_67/bin:/usr/local/jdk1.7.0_67/jre/bin:/usr/local/sbin:/usr/local/bin:/usr/sbin:/usr/bin:/root/bin
SHELL=/bin/bash
DISPLAY=localhost:11.0

Signal Handlers:
SIGSEGV: [libjvm.so+0x99f4a0], sa_mask[0]=0x7ffbfeff, sa_flags=0x10000004
SIGBUS: [libjvm.so+0x99f4a0], sa_mask[0]=0x7ffbfeff, sa_flags=0x10000004
SIGFPE: [libjvm.so+0x81a860], sa_mask[0]=0x7ffbfeff, sa_flags=0x10000004
SIGPIPE: [libjvm.so+0x81a860], sa_mask[0]=0x7ffbfeff, sa_flags=0x10000004
SIGXFSZ: [libjvm.so+0x81a860], sa_mask[0]=0x7ffbfeff, sa_flags=0x10000004
SIGILL: [libjvm.so+0x81a860], sa_mask[0]=0x7ffbfeff, sa_flags=0x10000004
SIGUSR1: SIG_DFL, sa_mask[0]=0x00000000, sa_flags=0x00000000
SIGUSR2: [libjvm.so+0x81c060], sa_mask[0]=0x00000000, sa_flags=0x10000004
SIGHUP: [libjvm.so+0x81d160], sa_mask[0]=0x7ffbfeff, sa_flags=0x10000004
SIGINT: SIG_IGN, sa_mask[0]=0x00000000, sa_flags=0x00000000
SIGTERM: [libjvm.so+0x81d160], sa_mask[0]=0x7ffbfeff, sa_flags=0x10000004
SIGQUIT: [libjvm.so+0x81d160], sa_mask[0]=0x7ffbfeff, sa_flags=0x10000004


---------------  S Y S T E M  ---------------

OS:CentOS Linux release 7.4.1708 (Core) 

uname:Linux 3.10.0-693.el7.x86_64 #1 SMP Tue Aug 22 21:09:27 UTC 2017 x86_64
libc:glibc 2.17 NPTL 2.17 
rlimit: STACK 8192k, CORE 0k, NPROC 126607, NOFILE 4096, AS infinity
load average:0.18 0.39 1.25

/proc/meminfo:
MemTotal:       32441468 kB
MemFree:          206480 kB
MemAvailable:      45772 kB
Buffers:             972 kB
Cached:            83724 kB
SwapCached:       355400 kB
Active:         29403308 kB
Inactive:        2200372 kB
Active(anon):   29364856 kB
Inactive(anon):  2164616 kB
Active(file):      38452 kB
Inactive(file):    35756 kB
Unevictable:           0 kB
Mlocked:               0 kB
SwapTotal:      33554428 kB
SwapFree:          86728 kB
Dirty:                 0 kB
Writeback:             0 kB
AnonPages:      31165288 kB
Mapped:            34508 kB
Shmem:             10064 kB
Slab:             171344 kB
SReclaimable:      84396 kB
SUnreclaim:        86948 kB
KernelStack:       40032 kB
PageTables:       159968 kB
NFS_Unstable:          0 kB
Bounce:                0 kB
WritebackTmp:          0 kB
CommitLimit:    49775160 kB
Committed_AS:   97368300 kB
VmallocTotal:   34359738367 kB
VmallocUsed:      384392 kB
VmallocChunk:   34358921212 kB
HardwareCorrupted:     0 kB
AnonHugePages:   2469888 kB
HugePages_Total:       0
HugePages_Free:        0
HugePages_Rsvd:        0
HugePages_Surp:        0
Hugepagesize:       2048 kB
DirectMap4k:      158936 kB
DirectMap2M:     7899136 kB
DirectMap1G:    25165824 kB


CPU:total 8 (4 cores per cpu, 2 threads per core) family 6 model 85 stepping 4, cmov, cx8, fxsr, mmx, sse, sse2, sse3, ssse3, sse4.1, sse4.2, popcnt, avx, avx2, aes, erms, ht, tsc, tscinvbit

/proc/cpuinfo:
processor	: 0
vendor_id	: GenuineIntel
cpu family	: 6
model		: 85
model name	: Intel(R) Xeon(R) W-2123 CPU @ 3.60GHz
stepping	: 4
microcode	: 0x2000043
cpu MHz		: 3581.578
cache size	: 8448 KB
physical id	: 0
siblings	: 8
core id		: 0
cpu cores	: 4
apicid		: 0
initial apicid	: 0
fpu		: yes
fpu_exception	: yes
cpuid level	: 22
wp		: yes
flags		: fpu vme de pse tsc msr pae mce cx8 apic sep mtrr pge mca cmov pat pse36 clflush dts acpi mmx fxsr sse sse2 ss ht tm pbe syscall nx pdpe1gb rdtscp lm constant_tsc art arch_perfmon pebs bts rep_good nopl xtopology nonstop_tsc aperfmperf eagerfpu pni pclmulqdq dtes64 monitor ds_cpl vmx smx est tm2 ssse3 fma cx16 xtpr pdcm pcid dca sse4_1 sse4_2 x2apic movbe popcnt tsc_deadline_timer aes xsave avx f16c rdrand lahf_lm abm 3dnowprefetch epb cat_l3 cdp_l3 intel_pt tpr_shadow vnmi flexpriority ept vpid fsgsbase tsc_adjust bmi1 hle avx2 smep bmi2 erms invpcid rtm cqm mpx rdt_a avx512f avx512dq rdseed adx smap clflushopt clwb avx512cd avx512bw avx512vl xsaveopt xsavec xgetbv1 cqm_llc cqm_occup_llc cqm_mbm_total cqm_mbm_local dtherm ida arat pln pts hwp hwp_act_window hwp_epp hwp_pkg_req
bogomips	: 7500.00
clflush size	: 64
cache_alignment	: 64
address sizes	: 46 bits physical, 48 bits virtual
power management:

processor	: 1
vendor_id	: GenuineIntel
cpu family	: 6
model		: 85
model name	: Intel(R) Xeon(R) W-2123 CPU @ 3.60GHz
stepping	: 4
microcode	: 0x2000043
cpu MHz		: 1877.906
cache size	: 8448 KB
physical id	: 0
siblings	: 8
core id		: 1
cpu cores	: 4
apicid		: 2
initial apicid	: 2
fpu		: yes
fpu_exception	: yes
cpuid level	: 22
wp		: yes
flags		: fpu vme de pse tsc msr pae mce cx8 apic sep mtrr pge mca cmov pat pse36 clflush dts acpi mmx fxsr sse sse2 ss ht tm pbe syscall nx pdpe1gb rdtscp lm constant_tsc art arch_perfmon pebs bts rep_good nopl xtopology nonstop_tsc aperfmperf eagerfpu pni pclmulqdq dtes64 monitor ds_cpl vmx smx est tm2 ssse3 fma cx16 xtpr pdcm pcid dca sse4_1 sse4_2 x2apic movbe popcnt tsc_deadline_timer aes xsave avx f16c rdrand lahf_lm abm 3dnowprefetch epb cat_l3 cdp_l3 intel_pt tpr_shadow vnmi flexpriority ept vpid fsgsbase tsc_adjust bmi1 hle avx2 smep bmi2 erms invpcid rtm cqm mpx rdt_a avx512f avx512dq rdseed adx smap clflushopt clwb avx512cd avx512bw avx512vl xsaveopt xsavec xgetbv1 cqm_llc cqm_occup_llc cqm_mbm_total cqm_mbm_local dtherm ida arat pln pts hwp hwp_act_window hwp_epp hwp_pkg_req
bogomips	: 7500.00
clflush size	: 64
cache_alignment	: 64
address sizes	: 46 bits physical, 48 bits virtual
power management:

processor	: 2
vendor_id	: GenuineIntel
cpu family	: 6
model		: 85
model name	: Intel(R) Xeon(R) W-2123 CPU @ 3.60GHz
stepping	: 4
microcode	: 0x2000043
cpu MHz		: 1951.031
cache size	: 8448 KB
physical id	: 0
siblings	: 8
core id		: 3
cpu cores	: 4
apicid		: 6
initial apicid	: 6
fpu		: yes
fpu_exception	: yes
cpuid level	: 22
wp		: yes
flags		: fpu vme de pse tsc msr pae mce cx8 apic sep mtrr pge mca cmov pat pse36 clflush dts acpi mmx fxsr sse sse2 ss ht tm pbe syscall nx pdpe1gb rdtscp lm constant_tsc art arch_perfmon pebs bts rep_good nopl xtopology nonstop_tsc aperfmperf eagerfpu pni pclmulqdq dtes64 monitor ds_cpl vmx smx est tm2 ssse3 fma cx16 xtpr pdcm pcid dca sse4_1 sse4_2 x2apic movbe popcnt tsc_deadline_timer aes xsave avx f16c rdrand lahf_lm abm 3dnowprefetch epb cat_l3 cdp_l3 intel_pt tpr_shadow vnmi flexpriority ept vpid fsgsbase tsc_adjust bmi1 hle avx2 smep bmi2 erms invpcid rtm cqm mpx rdt_a avx512f avx512dq rdseed adx smap clflushopt clwb avx512cd avx512bw avx512vl xsaveopt xsavec xgetbv1 cqm_llc cqm_occup_llc cqm_mbm_total cqm_mbm_local dtherm ida arat pln pts hwp hwp_act_window hwp_epp hwp_pkg_req
bogomips	: 7500.00
clflush size	: 64
cache_alignment	: 64
address sizes	: 46 bits physical, 48 bits virtual
power management:

processor	: 3
vendor_id	: GenuineIntel
cpu family	: 6
model		: 85
model name	: Intel(R) Xeon(R) W-2123 CPU @ 3.60GHz
stepping	: 4
microcode	: 0x2000043
cpu MHz		: 3455.015
cache size	: 8448 KB
physical id	: 0
siblings	: 8
core id		: 4
cpu cores	: 4
apicid		: 8
initial apicid	: 8
fpu		: yes
fpu_exception	: yes
cpuid level	: 22
wp		: yes
flags		: fpu vme de pse tsc msr pae mce cx8 apic sep mtrr pge mca cmov pat pse36 clflush dts acpi mmx fxsr sse sse2 ss ht tm pbe syscall nx pdpe1gb rdtscp lm constant_tsc art arch_perfmon pebs bts rep_good nopl xtopology nonstop_tsc aperfmperf eagerfpu pni pclmulqdq dtes64 monitor ds_cpl vmx smx est tm2 ssse3 fma cx16 xtpr pdcm pcid dca sse4_1 sse4_2 x2apic movbe popcnt tsc_deadline_timer aes xsave avx f16c rdrand lahf_lm abm 3dnowprefetch epb cat_l3 cdp_l3 intel_pt tpr_shadow vnmi flexpriority ept vpid fsgsbase tsc_adjust bmi1 hle avx2 smep bmi2 erms invpcid rtm cqm mpx rdt_a avx512f avx512dq rdseed adx smap clflushopt clwb avx512cd avx512bw avx512vl xsaveopt xsavec xgetbv1 cqm_llc cqm_occup_llc cqm_mbm_total cqm_mbm_local dtherm ida arat pln pts hwp hwp_act_window hwp_epp hwp_pkg_req
bogomips	: 7500.00
clflush size	: 64
cache_alignment	: 64
address sizes	: 46 bits physical, 48 bits virtual
power management:

processor	: 4
vendor_id	: GenuineIntel
cpu family	: 6
model		: 85
model name	: Intel(R) Xeon(R) W-2123 CPU @ 3.60GHz
stepping	: 4
microcode	: 0x2000043
cpu MHz		: 2788.593
cache size	: 8448 KB
physical id	: 0
siblings	: 8
core id		: 0
cpu cores	: 4
apicid		: 1
initial apicid	: 1
fpu		: yes
fpu_exception	: yes
cpuid level	: 22
wp		: yes
flags		: fpu vme de pse tsc msr pae mce cx8 apic sep mtrr pge mca cmov pat pse36 clflush dts acpi mmx fxsr sse sse2 ss ht tm pbe syscall nx pdpe1gb rdtscp lm constant_tsc art arch_perfmon pebs bts rep_good nopl xtopology nonstop_tsc aperfmperf eagerfpu pni pclmulqdq dtes64 monitor ds_cpl vmx smx est tm2 ssse3 fma cx16 xtpr pdcm pcid dca sse4_1 sse4_2 x2apic movbe popcnt tsc_deadline_timer aes xsave avx f16c rdrand lahf_lm abm 3dnowprefetch epb cat_l3 cdp_l3 intel_pt tpr_shadow vnmi flexpriority ept vpid fsgsbase tsc_adjust bmi1 hle avx2 smep bmi2 erms invpcid rtm cqm mpx rdt_a avx512f avx512dq rdseed adx smap clflushopt clwb avx512cd avx512bw avx512vl xsaveopt xsavec xgetbv1 cqm_llc cqm_occup_llc cqm_mbm_total cqm_mbm_local dtherm ida arat pln pts hwp hwp_act_window hwp_epp hwp_pkg_req
bogomips	: 7500.00
clflush size	: 64
cache_alignment	: 64
address sizes	: 46 bits physical, 48 bits virtual
power management:

processor	: 5
vendor_id	: GenuineIntel
cpu family	: 6
model		: 85
model name	: Intel(R) Xeon(R) W-2123 CPU @ 3.60GHz
stepping	: 4
microcode	: 0x2000043
cpu MHz		: 1889.859
cache size	: 8448 KB
physical id	: 0
siblings	: 8
core id		: 1
cpu cores	: 4
apicid		: 3
initial apicid	: 3
fpu		: yes
fpu_exception	: yes
cpuid level	: 22
wp		: yes
flags		: fpu vme de pse tsc msr pae mce cx8 apic sep mtrr pge mca cmov pat pse36 clflush dts acpi mmx fxsr sse sse2 ss ht tm pbe syscall nx pdpe1gb rdtscp lm constant_tsc art arch_perfmon pebs bts rep_good nopl xtopology nonstop_tsc aperfmperf eagerfpu pni pclmulqdq dtes64 monitor ds_cpl vmx smx est tm2 ssse3 fma cx16 xtpr pdcm pcid dca sse4_1 sse4_2 x2apic movbe popcnt tsc_deadline_timer aes xsave avx f16c rdrand lahf_lm abm 3dnowprefetch epb cat_l3 cdp_l3 intel_pt tpr_shadow vnmi flexpriority ept vpid fsgsbase tsc_adjust bmi1 hle avx2 smep bmi2 erms invpcid rtm cqm mpx rdt_a avx512f avx512dq rdseed adx smap clflushopt clwb avx512cd avx512bw avx512vl xsaveopt xsavec xgetbv1 cqm_llc cqm_occup_llc cqm_mbm_total cqm_mbm_local dtherm ida arat pln pts hwp hwp_act_window hwp_epp hwp_pkg_req
bogomips	: 7500.00
clflush size	: 64
cache_alignment	: 64
address sizes	: 46 bits physical, 48 bits virtual
power management:

processor	: 6
vendor_id	: GenuineIntel
cpu family	: 6
model		: 85
model name	: Intel(R) Xeon(R) W-2123 CPU @ 3.60GHz
stepping	: 4
microcode	: 0x2000043
cpu MHz		: 1839.375
cache size	: 8448 KB
physical id	: 0
siblings	: 8
core id		: 3
cpu cores	: 4
apicid		: 7
initial apicid	: 7
fpu		: yes
fpu_exception	: yes
cpuid level	: 22
wp		: yes
flags		: fpu vme de pse tsc msr pae mce cx8 apic sep mtrr pge mca cmov pat pse36 clflush dts acpi mmx fxsr sse sse2 ss ht tm pbe syscall nx pdpe1gb rdtscp lm constant_tsc art arch_perfmon pebs bts rep_good nopl xtopology nonstop_tsc aperfmperf eagerfpu pni pclmulqdq dtes64 monitor ds_cpl vmx smx est tm2 ssse3 fma cx16 xtpr pdcm pcid dca sse4_1 sse4_2 x2apic movbe popcnt tsc_deadline_timer aes xsave avx f16c rdrand lahf_lm abm 3dnowprefetch epb cat_l3 cdp_l3 intel_pt tpr_shadow vnmi flexpriority ept vpid fsgsbase tsc_adjust bmi1 hle avx2 smep bmi2 erms invpcid rtm cqm mpx rdt_a avx512f avx512dq rdseed adx smap clflushopt clwb avx512cd avx512bw avx512vl xsaveopt xsavec xgetbv1 cqm_llc cqm_occup_llc cqm_mbm_total cqm_mbm_local dtherm ida arat pln pts hwp hwp_act_window hwp_epp hwp_pkg_req
bogomips	: 7500.00
clflush size	: 64
cache_alignment	: 64
address sizes	: 46 bits physical, 48 bits virtual
power management:

processor	: 7
vendor_id	: GenuineIntel
cpu family	: 6
model		: 85
model name	: Intel(R) Xeon(R) W-2123 CPU @ 3.60GHz
stepping	: 4
microcode	: 0x2000043
cpu MHz		: 3730.640
cache size	: 8448 KB
physical id	: 0
siblings	: 8
core id		: 4
cpu cores	: 4
apicid		: 9
initial apicid	: 9
fpu		: yes
fpu_exception	: yes
cpuid level	: 22
wp		: yes
flags		: fpu vme de pse tsc msr pae mce cx8 apic sep mtrr pge mca cmov pat pse36 clflush dts acpi mmx fxsr sse sse2 ss ht tm pbe syscall nx pdpe1gb rdtscp lm constant_tsc art arch_perfmon pebs bts rep_good nopl xtopology nonstop_tsc aperfmperf eagerfpu pni pclmulqdq dtes64 monitor ds_cpl vmx smx est tm2 ssse3 fma cx16 xtpr pdcm pcid dca sse4_1 sse4_2 x2apic movbe popcnt tsc_deadline_timer aes xsave avx f16c rdrand lahf_lm abm 3dnowprefetch epb cat_l3 cdp_l3 intel_pt tpr_shadow vnmi flexpriority ept vpid fsgsbase tsc_adjust bmi1 hle avx2 smep bmi2 erms invpcid rtm cqm mpx rdt_a avx512f avx512dq rdseed adx smap clflushopt clwb avx512cd avx512bw avx512vl xsaveopt xsavec xgetbv1 cqm_llc cqm_occup_llc cqm_mbm_total cqm_mbm_local dtherm ida arat pln pts hwp hwp_act_window hwp_epp hwp_pkg_req
bogomips	: 7500.00
clflush size	: 64
cache_alignment	: 64
address sizes	: 46 bits physical, 48 bits virtual
power management:



Memory: 4k page, physical 32441468k(206480k free), swap 33554428k(86728k free)

vm_info: Java HotSpot(TM) 64-Bit Server VM (24.65-b04) for linux-amd64 JRE (1.7.0_67-b01), built on Jul 25 2014 09:20:21 by "java_re" with gcc 4.3.0 20080428 (Red Hat 4.3.0-8)

time: Wed Nov  7 23:18:30 2018
elapsed time: 5 seconds

